TpTrace Verbose: 0 : 23212, 1, 2025/02/27, 10:12:09.214, 16973753116432, testhost.dll, Version: 17.4.0-preview-20220726-02 Current process architecture: X64
TpTrace Verbose: 0 : 23212, 1, 2025/02/27, 10:12:09.216, 16973753135599, testhost.dll, Runtime location: C:\Program Files\dotnet\shared\Microsoft.NETCore.App\6.0.33
TpTrace Information: 0 : 23212, 1, 2025/02/27, 10:12:09.218, 16973753151916, testhost.dll, DefaultEngineInvoker.Invoke: Testhost process started with args :[--port, 52819],[--endpoint, 127.0.0.1:052819],[--role, client],[--parentprocessid, 22560],[--diag, C:\Users\Premiersoft\Documents\ARQ\Alberto\TesteAlberto\Questao5\bin\Debug\net6.0\fine-code-coverage\coverage-tool-output\diagnostics.host.25-02-27_10-12-09_06642_5.log],[--tracelevel, 4],[--datacollectionport, 52818],[--telemetryoptedin, false]
TpTrace Information: 0 : 23212, 1, 2025/02/27, 10:12:09.219, 16973753164806, testhost.dll, Setting up debug trace listener.
TpTrace Verbose: 0 : 23212, 1, 2025/02/27, 10:12:09.219, 16973753165812, testhost.dll, TestPlatformTraceListener.Setup: Replacing listener System.Diagnostics.DefaultTraceListener with TestHostTraceListener.
TpTrace Verbose: 0 : 23212, 1, 2025/02/27, 10:12:09.219, 16973753166046, testhost.dll, TestPlatformTraceListener.Setup: Added test platform trace listener.
TpTrace Information: 0 : 23212, 1, 2025/02/27, 10:12:09.219, 16973753169154, testhost.dll, DefaultEngineInvoker.SetParentProcessExitCallback: Monitoring parent process with id: '22560'
TpTrace Information: 0 : 23212, 1, 2025/02/27, 10:12:09.223, 16973753203170, testhost.dll, DefaultEngineInvoker.GetConnectionInfo: Initialize communication on endpoint address: '127.0.0.1:052819'
TpTrace Information: 0 : 23212, 1, 2025/02/27, 10:12:09.230, 16973753280238, testhost.dll, SocketClient.Start: connecting to server endpoint: 127.0.0.1:052819
TpTrace Information: 0 : 23212, 1, 2025/02/27, 10:12:09.236, 16973753332585, testhost.dll, DefaultEngineInvoker.ConnectToDatacollector: Connecting to datacollector, port: 52818
TpTrace Information: 0 : 23212, 10, 2025/02/27, 10:12:09.237, 16973753344544, testhost.dll, SocketClient.OnServerConnected: connected to server endpoint: 127.0.0.1:052819
TpTrace Information: 0 : 23212, 1, 2025/02/27, 10:12:09.238, 16973753357516, testhost.dll, Trying to connect to server on socket : 127.0.0.1:52818 
TpTrace Verbose: 0 : 23212, 1, 2025/02/27, 10:12:09.238, 16973753359995, testhost.dll, SocketCommunicationManager : SetupClientAsync : Attempting to connect to the server.
TpTrace Verbose: 0 : 23212, 10, 2025/02/27, 10:12:09.239, 16973753366517, testhost.dll, MulticastDelegateUtilities.SafeInvoke: SocketClient: ServerConnected: Invoking callback 1/1 for Microsoft.VisualStudio.TestPlatform.CommunicationUtilities.TestRequestHandler.<InitializeCommunication>b__32_0, took 0 ms.
TpTrace Verbose: 0 : 23212, 10, 2025/02/27, 10:12:09.239, 16973753367317, testhost.dll, Connected to server, and starting MessageLoopAsync
TpTrace Information: 0 : 23212, 11, 2025/02/27, 10:12:09.240, 16973753373186, testhost.dll, Connected to the server successfully 
TpTrace Information: 0 : 23212, 11, 2025/02/27, 10:12:09.240, 16973753373916, testhost.dll, Using the buffer size of 16384 bytes
TpTrace Verbose: 0 : 23212, 1, 2025/02/27, 10:12:09.240, 16973753375521, testhost.dll, SocketCommunicationManager.WaitForServerConnection took: 0 ms, with 90000 ms timeout, and finished with True.
TpTrace Information: 0 : 23212, 1, 2025/02/27, 10:12:09.240, 16973753376783, testhost.dll, DefaultEngineInvoker.Invoke: Start Request Processing.
TpTrace Information: 0 : 23212, 13, 2025/02/27, 10:12:09.241, 16973753382083, testhost.dll, DefaultEngineInvoker.StartProcessingAsync: Connected to vstest.console, Starting process requests.
TpTrace Verbose: 0 : 23212, 9, 2025/02/27, 10:12:09.242, 16973753394298, testhost.dll, TcpClientExtensions.MessageLoopAsync: Polling on remoteEndPoint: [::ffff:127.0.0.1]:52819 localEndPoint: [::ffff:127.0.0.1]:52820
TpTrace Verbose: 0 : 23212, 9, 2025/02/27, 10:12:09.242, 16973753396380, testhost.dll, TcpClientExtensions.MessageLoopAsync: NotifyDataAvailable remoteEndPoint: [::ffff:127.0.0.1]:52819 localEndPoint: [::ffff:127.0.0.1]:52820
TpTrace Information: 0 : 23212, 9, 2025/02/27, 10:12:09.244, 16973753421245, testhost.dll, TestRequestHandler.OnMessageReceived: received message: (ProtocolVersion) -> {"MessageType":"ProtocolVersion","Payload":7}
TpTrace Verbose: 0 : 23212, 9, 2025/02/27, 10:12:09.364, 16973754614794, testhost.dll, TestRequestHandler.SendData: sending data from testhost: {"Version":7,"MessageType":"TestSession.Message","Payload":{"MessageLevel":0,"Message":"Registro em log do diagnóstico TestHost no arquivo: C:\\Users\\Premiersoft\\Documents\\ARQ\\Alberto\\TesteAlberto\\Questao5\\bin\\Debug\\net6.0\\fine-code-coverage\\coverage-tool-output\\diagnostics.host.25-02-27_10-12-09_06642_5.log"}}
TpTrace Verbose: 0 : 23212, 9, 2025/02/27, 10:12:09.364, 16973754617737, testhost.dll, MulticastDelegateUtilities.SafeInvoke: LengthPrefixCommunicationChannel: MessageReceived: Invoking callback 1/1 for Microsoft.VisualStudio.TestPlatform.CommunicationUtilities.TestRequestHandler.OnMessageReceived, took 121 ms.
TpTrace Verbose: 0 : 23212, 9, 2025/02/27, 10:12:09.364, 16973754618426, testhost.dll, TcpClientExtensions.MessageLoopAsync: Polling on remoteEndPoint: [::ffff:127.0.0.1]:52819 localEndPoint: [::ffff:127.0.0.1]:52820
TpTrace Verbose: 0 : 23212, 9, 2025/02/27, 10:12:09.364, 16973754618789, testhost.dll, TcpClientExtensions.MessageLoopAsync: NotifyDataAvailable remoteEndPoint: [::ffff:127.0.0.1]:52819 localEndPoint: [::ffff:127.0.0.1]:52820
TpTrace Information: 0 : 23212, 9, 2025/02/27, 10:12:09.364, 16973754620087, testhost.dll, TestRequestHandler.OnMessageReceived: received message: (TestExecution.Initialize) -> {"Version":7,"MessageType":"TestExecution.Initialize","Payload":["C:\\Users\\Premiersoft\\Documents\\ARQ\\Alberto\\TesteAlberto\\Questao5\\bin\\Debug\\net6.0\\fine-code-coverage\\build-output\\xunit.runner.visualstudio.dotnetcore.testadapter.dll"]}
TpTrace Verbose: 0 : 23212, 9, 2025/02/27, 10:12:09.373, 16973754705847, testhost.dll, MulticastDelegateUtilities.SafeInvoke: LengthPrefixCommunicationChannel: MessageReceived: Invoking callback 1/1 for Microsoft.VisualStudio.TestPlatform.CommunicationUtilities.TestRequestHandler.OnMessageReceived, took 8 ms.
TpTrace Verbose: 0 : 23212, 9, 2025/02/27, 10:12:09.373, 16973754706829, testhost.dll, TcpClientExtensions.MessageLoopAsync: Polling on remoteEndPoint: [::ffff:127.0.0.1]:52819 localEndPoint: [::ffff:127.0.0.1]:52820
TpTrace Verbose: 0 : 23212, 9, 2025/02/27, 10:12:09.373, 16973754707183, testhost.dll, TcpClientExtensions.MessageLoopAsync: NotifyDataAvailable remoteEndPoint: [::ffff:127.0.0.1]:52819 localEndPoint: [::ffff:127.0.0.1]:52820
TpTrace Information: 0 : 23212, 9, 2025/02/27, 10:12:09.373, 16973754707952, testhost.dll, TestRequestHandler.OnMessageReceived: received message: (TestExecution.StartWithSources) -> {"Version":7,"MessageType":"TestExecution.StartWithSources","Payload":{"AdapterSourceMap":{"_none_":["C:\\Users\\Premiersoft\\Documents\\ARQ\\Alberto\\TesteAlberto\\Questao5\\bin\\Debug\\net6.0\\fine-code-coverage\\build-output\\Questao5.dll"]},"RunSettings":"<RunSettings>\r\n  <RunConfiguration>\r\n    <ResultsDirectory>C:\\Users\\Premiersoft\\Documents\\ARQ\\Alberto\\TesteAlberto\\Questao5\\bin\\Debug\\net6.0\\fine-code-coverage\\coverage-tool-output</ResultsDirectory>\r\n    <TargetFrameworkVersion>.NETCoreApp,Version=v6.0</TargetFrameworkVersion>\r\n    <DesignMode>False</DesignMode>\r\n    <CollectSourceInformation>False</CollectSourceInformation>\r\n  </RunConfiguration>\r\n  <LoggerRunSettings>\r\n    <Loggers>\r\n      <Logger friendlyName=\"blame\" enabled=\"True\" />\r\n      <Logger friendlyName=\"Console\" uri=\"logger://microsoft/TestPlatform/ConsoleLogger/v1\" assemblyQualifiedName=\"Microsoft.VisualStudio.TestPlatform.CommandLine.Internal.ConsoleLogger, vstest.console, Version=15.0.0.0, Culture=neutral, PublicKeyToken=b03f5f7f11d50a3a\" codeBase=\"C:\\Program Files\\dotnet\\sdk\\8.0.400\\vstest.console.dll\" enabled=\"True\" />\r\n    </Loggers>\r\n  </LoggerRunSettings>\r\n  <DataCollectionRunSettings>\r\n    <DataCollectors>\r\n      <DataCollector friendlyName=\"blame\" enabled=\"True\">\r\n        <Configuration>\r\n          <ResultsDirectory>C:\\Users\\Premiersoft\\Documents\\ARQ\\Alberto\\TesteAlberto\\Questao5\\bin\\Debug\\net6.0\\fine-code-coverage\\coverage-tool-output</ResultsDirectory>\r\n        </Configuration>\r\n      </DataCollector>\r\n    </DataCollectors>\r\n  </DataCollectionRunSettings>\r\n</RunSettings>","TestExecutionContext":{"FrequencyOfRunStatsChangeEvent":10,"RunStatsChangeEventTimeout":"00:00:01.5000000","InIsolation":false,"KeepAlive":false,"AreTestCaseLevelEventsRequired":false,"IsDebug":false,"TestCaseFilter":null,"FilterOptions":null},"Package":null}}
TpTrace Information: 0 : 23212, 4, 2025/02/27, 10:12:09.373, 16973754709958, testhost.dll, TestRequestHandler.OnMessageReceived: Running job 'TestExecution.Initialize'.
TpTrace Verbose: 0 : 23212, 4, 2025/02/27, 10:12:09.375, 16973754726359, testhost.dll, TestExecutorService: Loading the extensions
TpTrace Verbose: 0 : 23212, 4, 2025/02/27, 10:12:09.376, 16973754741408, testhost.dll, TestPluginCache.DiscoverTestExtensions: finding test extensions in assemblies ends with: TestAdapter.dll TPluginInfo: Microsoft.VisualStudio.TestPlatform.Common.ExtensionFramework.Utilities.TestExecutorPluginInformation TExtension: Microsoft.VisualStudio.TestPlatform.ObjectModel.Adapter.ITestExecutor
TpTrace Verbose: 0 : 23212, 4, 2025/02/27, 10:12:09.377, 16973754749023, testhost.dll, TestPluginCache.GetExtensionPaths: Filtered extension paths: 
TpTrace Verbose: 0 : 23212, 4, 2025/02/27, 10:12:09.378, 16973754751893, testhost.dll, TestPluginCache.GetExtensionPaths: Added default extension paths: C:\Users\Premiersoft\Documents\ARQ\Alberto\TesteAlberto\Questao5\bin\Debug\net6.0\fine-code-coverage\build-output\xunit.runner.visualstudio.dotnetcore.testadapter.dll
TpTrace Verbose: 0 : 23212, 4, 2025/02/27, 10:12:09.378, 16973754752203, testhost.dll, TestPluginCache.GetExtensionPaths: Added unfilterableExtensionPaths: 
TpTrace Information: 0 : 23212, 4, 2025/02/27, 10:12:09.379, 16973754762832, testhost.dll, AssemblyResolver.ctor: Creating AssemblyResolver with searchDirectories C:\Users\Premiersoft\Documents\ARQ\Alberto\TesteAlberto\Questao5\bin\Debug\net6.0\fine-code-coverage\build-output
TpTrace Verbose: 0 : 23212, 4, 2025/02/27, 10:12:09.380, 16973754777711, testhost.dll, TestPluginCache.DiscoverTestExtensions: Discovering the extensions using extension path.
TpTrace Verbose: 0 : 23212, 4, 2025/02/27, 10:12:09.380, 16973754778897, testhost.dll, TestPluginCache.GetExtensionPaths: Filtered extension paths: 
TpTrace Verbose: 0 : 23212, 4, 2025/02/27, 10:12:09.380, 16973754779159, testhost.dll, TestPluginCache.GetExtensionPaths: Added default extension paths: C:\Users\Premiersoft\Documents\ARQ\Alberto\TesteAlberto\Questao5\bin\Debug\net6.0\fine-code-coverage\build-output\xunit.runner.visualstudio.dotnetcore.testadapter.dll
TpTrace Verbose: 0 : 23212, 4, 2025/02/27, 10:12:09.380, 16973754779432, testhost.dll, TestPluginCache.GetExtensionPaths: Added unfilterableExtensionPaths: 
TpTrace Verbose: 0 : 23212, 4, 2025/02/27, 10:12:09.380, 16973754779831, testhost.dll, TestPluginCache.DiscoverTestExtensions: Discovering the extensions using allExtensionPaths: C:\Users\Premiersoft\Documents\ARQ\Alberto\TesteAlberto\Questao5\bin\Debug\net6.0\fine-code-coverage\build-output\xunit.runner.visualstudio.dotnetcore.testadapter.dll
TpTrace Information: 0 : 23212, 4, 2025/02/27, 10:12:09.381, 16973754786178, testhost.dll, AssemblyResolver.AddSearchDirectories: Adding more searchDirectories C:\Users\Premiersoft\Documents\ARQ\Alberto\TesteAlberto\Questao5\bin\Debug\net6.0\fine-code-coverage\build-output
TpTrace Information: 0 : 23212, 4, 2025/02/27, 10:12:09.384, 16973754820433, testhost.dll, AssemblyResolver.OnResolve: xunit.runner.visualstudio.dotnetcore.testadapter: Resolving assembly.
TpTrace Information: 0 : 23212, 4, 2025/02/27, 10:12:09.385, 16973754821828, testhost.dll, AssemblyResolver.OnResolve: xunit.runner.visualstudio.dotnetcore.testadapter: Searching in: 'C:\Users\Premiersoft\Documents\ARQ\Alberto\TesteAlberto\Questao5\bin\Debug\net6.0\fine-code-coverage\build-output'.
TpTrace Information: 0 : 23212, 4, 2025/02/27, 10:12:09.386, 16973754834994, testhost.dll, AssemblyResolver.OnResolve: xunit.runner.visualstudio.dotnetcore.testadapter: Loading assembly 'C:\Users\Premiersoft\Documents\ARQ\Alberto\TesteAlberto\Questao5\bin\Debug\net6.0\fine-code-coverage\build-output\xunit.runner.visualstudio.dotnetcore.testadapter.dll'.
TpTrace Information: 0 : 23212, 4, 2025/02/27, 10:12:09.387, 16973754845373, testhost.dll, AssemblyResolver.OnResolve: Resolved assembly: xunit.runner.visualstudio.dotnetcore.testadapter, from path: C:\Users\Premiersoft\Documents\ARQ\Alberto\TesteAlberto\Questao5\bin\Debug\net6.0\fine-code-coverage\build-output\xunit.runner.visualstudio.dotnetcore.testadapter.dll
TpTrace Verbose: 0 : 23212, 9, 2025/02/27, 10:12:09.396, 16973754937333, testhost.dll, MulticastDelegateUtilities.SafeInvoke: LengthPrefixCommunicationChannel: MessageReceived: Invoking callback 1/1 for Microsoft.VisualStudio.TestPlatform.CommunicationUtilities.TestRequestHandler.OnMessageReceived, took 22 ms.
TpTrace Verbose: 0 : 23212, 9, 2025/02/27, 10:12:09.396, 16973754938367, testhost.dll, TcpClientExtensions.MessageLoopAsync: Polling on remoteEndPoint: [::ffff:127.0.0.1]:52819 localEndPoint: [::ffff:127.0.0.1]:52820
TpTrace Verbose: 0 : 23212, 4, 2025/02/27, 10:12:09.408, 16973755054106, testhost.dll, MetadataReaderExtensionsHelper: Discovering extensions inside assembly 'xunit.runner.visualstudio.dotnetcore.testadapter, Version=2.4.0.0, Culture=neutral, PublicKeyToken=8d05b1bb7a6fdb6c' file path 'C:\Users\Premiersoft\Documents\ARQ\Alberto\TesteAlberto\Questao5\bin\Debug\net6.0\fine-code-coverage\build-output\xunit.runner.visualstudio.dotnetcore.testadapter.dll'
TpTrace Information: 0 : 23212, 4, 2025/02/27, 10:12:09.415, 16973755131323, testhost.dll, AssemblyResolver.OnResolve: xunit.runner.utility.netcoreapp10: Resolving assembly.
TpTrace Information: 0 : 23212, 4, 2025/02/27, 10:12:09.416, 16973755132433, testhost.dll, AssemblyResolver.OnResolve: xunit.runner.utility.netcoreapp10: Searching in: 'C:\Users\Premiersoft\Documents\ARQ\Alberto\TesteAlberto\Questao5\bin\Debug\net6.0\fine-code-coverage\build-output'.
TpTrace Information: 0 : 23212, 4, 2025/02/27, 10:12:09.416, 16973755135196, testhost.dll, AssemblyResolver.OnResolve: xunit.runner.utility.netcoreapp10: Loading assembly 'C:\Users\Premiersoft\Documents\ARQ\Alberto\TesteAlberto\Questao5\bin\Debug\net6.0\fine-code-coverage\build-output\xunit.runner.utility.netcoreapp10.dll'.
TpTrace Information: 0 : 23212, 4, 2025/02/27, 10:12:09.416, 16973755141300, testhost.dll, AssemblyResolver.OnResolve: Resolved assembly: xunit.runner.utility.netcoreapp10, from path: C:\Users\Premiersoft\Documents\ARQ\Alberto\TesteAlberto\Questao5\bin\Debug\net6.0\fine-code-coverage\build-output\xunit.runner.utility.netcoreapp10.dll
TpTrace Information: 0 : 23212, 4, 2025/02/27, 10:12:09.419, 16973755162379, testhost.dll, GetTestExtensionFromType: Register extension with identifier data 'executor://xunit/VsTestRunner2/netcoreapp' and type 'Xunit.Runner.VisualStudio.VsTestRunner, xunit.runner.visualstudio.dotnetcore.testadapter, Version=2.4.0.0, Culture=neutral, PublicKeyToken=8d05b1bb7a6fdb6c' inside file 'C:\Users\Premiersoft\Documents\ARQ\Alberto\TesteAlberto\Questao5\bin\Debug\net6.0\fine-code-coverage\build-output\xunit.runner.visualstudio.dotnetcore.testadapter.dll'
TpTrace Verbose: 0 : 23212, 4, 2025/02/27, 10:12:09.421, 16973755182020, testhost.dll, TestPluginCache: Discovered the extensions using extension path ''.
TpTrace Verbose: 0 : 23212, 4, 2025/02/27, 10:12:09.421, 16973755185761, testhost.dll, TestPluginCache: Discoverers are ''.
TpTrace Verbose: 0 : 23212, 4, 2025/02/27, 10:12:09.421, 16973755186392, testhost.dll, TestPluginCache: Executors are 'executor://xunit/VsTestRunner2/netcoreapp'.
TpTrace Verbose: 0 : 23212, 4, 2025/02/27, 10:12:09.421, 16973755186753, testhost.dll, TestPluginCache: Executors2 are ''.
TpTrace Verbose: 0 : 23212, 4, 2025/02/27, 10:12:09.421, 16973755187103, testhost.dll, TestPluginCache: Setting providers are ''.
TpTrace Verbose: 0 : 23212, 4, 2025/02/27, 10:12:09.421, 16973755187477, testhost.dll, TestPluginCache: Loggers are ''.
TpTrace Verbose: 0 : 23212, 4, 2025/02/27, 10:12:09.421, 16973755187779, testhost.dll, TestPluginCache: TestHosts are ''.
TpTrace Verbose: 0 : 23212, 4, 2025/02/27, 10:12:09.421, 16973755188064, testhost.dll, TestPluginCache: DataCollectors are ''.
TpTrace Verbose: 0 : 23212, 4, 2025/02/27, 10:12:09.423, 16973755208488, testhost.dll, TestPluginCache.DiscoverTestExtensions: finding test extensions in assemblies ends with: TestAdapter.dll TPluginInfo: Microsoft.VisualStudio.TestPlatform.Common.ExtensionFramework.Utilities.TestExecutorPluginInformation2 TExtension: Microsoft.VisualStudio.TestPlatform.ObjectModel.Adapter.ITestExecutor2
TpTrace Verbose: 0 : 23212, 4, 2025/02/27, 10:12:09.423, 16973755210346, testhost.dll, TestPluginCache.GetExtensionPaths: Filtered extension paths: 
TpTrace Verbose: 0 : 23212, 4, 2025/02/27, 10:12:09.423, 16973755210645, testhost.dll, TestPluginCache.GetExtensionPaths: Added default extension paths: C:\Users\Premiersoft\Documents\ARQ\Alberto\TesteAlberto\Questao5\bin\Debug\net6.0\fine-code-coverage\build-output\xunit.runner.visualstudio.dotnetcore.testadapter.dll
TpTrace Verbose: 0 : 23212, 4, 2025/02/27, 10:12:09.423, 16973755210817, testhost.dll, TestPluginCache.GetExtensionPaths: Added unfilterableExtensionPaths: 
TpTrace Information: 0 : 23212, 4, 2025/02/27, 10:12:09.424, 16973755212463, testhost.dll, AssemblyResolver.AddSearchDirectories: Adding more searchDirectories C:\Users\Premiersoft\Documents\ARQ\Alberto\TesteAlberto\Questao5\bin\Debug\net6.0\fine-code-coverage\build-output
TpTrace Verbose: 0 : 23212, 4, 2025/02/27, 10:12:09.424, 16973755212804, testhost.dll, TestPluginCache.DiscoverTestExtensions: Discovering the extensions using extension path.
TpTrace Verbose: 0 : 23212, 4, 2025/02/27, 10:12:09.424, 16973755212983, testhost.dll, TestPluginCache.GetExtensionPaths: Filtered extension paths: 
TpTrace Verbose: 0 : 23212, 4, 2025/02/27, 10:12:09.424, 16973755213173, testhost.dll, TestPluginCache.GetExtensionPaths: Added default extension paths: C:\Users\Premiersoft\Documents\ARQ\Alberto\TesteAlberto\Questao5\bin\Debug\net6.0\fine-code-coverage\build-output\xunit.runner.visualstudio.dotnetcore.testadapter.dll
TpTrace Verbose: 0 : 23212, 4, 2025/02/27, 10:12:09.424, 16973755213330, testhost.dll, TestPluginCache.GetExtensionPaths: Added unfilterableExtensionPaths: 
TpTrace Verbose: 0 : 23212, 4, 2025/02/27, 10:12:09.424, 16973755213501, testhost.dll, TestPluginCache.DiscoverTestExtensions: Discovering the extensions using allExtensionPaths: C:\Users\Premiersoft\Documents\ARQ\Alberto\TesteAlberto\Questao5\bin\Debug\net6.0\fine-code-coverage\build-output\xunit.runner.visualstudio.dotnetcore.testadapter.dll
TpTrace Information: 0 : 23212, 4, 2025/02/27, 10:12:09.424, 16973755213729, testhost.dll, AssemblyResolver.AddSearchDirectories: Adding more searchDirectories C:\Users\Premiersoft\Documents\ARQ\Alberto\TesteAlberto\Questao5\bin\Debug\net6.0\fine-code-coverage\build-output
TpTrace Verbose: 0 : 23212, 4, 2025/02/27, 10:12:09.424, 16973755214298, testhost.dll, MetadataReaderExtensionsHelper: Discovering extensions inside assembly 'xunit.runner.visualstudio.dotnetcore.testadapter, Version=2.4.0.0, Culture=neutral, PublicKeyToken=8d05b1bb7a6fdb6c' file path 'C:\Users\Premiersoft\Documents\ARQ\Alberto\TesteAlberto\Questao5\bin\Debug\net6.0\fine-code-coverage\build-output\xunit.runner.visualstudio.dotnetcore.testadapter.dll'
TpTrace Verbose: 0 : 23212, 4, 2025/02/27, 10:12:09.424, 16973755219444, testhost.dll, TestPluginCache: Discovered the extensions using extension path ''.
TpTrace Verbose: 0 : 23212, 4, 2025/02/27, 10:12:09.424, 16973755219811, testhost.dll, TestPluginCache: Discoverers are ''.
TpTrace Verbose: 0 : 23212, 4, 2025/02/27, 10:12:09.424, 16973755220177, testhost.dll, TestPluginCache: Executors are 'executor://xunit/VsTestRunner2/netcoreapp'.
TpTrace Verbose: 0 : 23212, 4, 2025/02/27, 10:12:09.424, 16973755220618, testhost.dll, TestPluginCache: Executors2 are ''.
TpTrace Verbose: 0 : 23212, 4, 2025/02/27, 10:12:09.424, 16973755220815, testhost.dll, TestPluginCache: Setting providers are ''.
TpTrace Verbose: 0 : 23212, 4, 2025/02/27, 10:12:09.424, 16973755220960, testhost.dll, TestPluginCache: Loggers are ''.
TpTrace Verbose: 0 : 23212, 4, 2025/02/27, 10:12:09.424, 16973755221100, testhost.dll, TestPluginCache: TestHosts are ''.
TpTrace Verbose: 0 : 23212, 4, 2025/02/27, 10:12:09.424, 16973755221308, testhost.dll, TestPluginCache: DataCollectors are ''.
TpTrace Information: 0 : 23212, 4, 2025/02/27, 10:12:09.428, 16973755255198, testhost.dll, TestPluginManager.CreateTestExtension: Attempting to load test extension: Xunit.Runner.VisualStudio.VsTestRunner
TpTrace Verbose: 0 : 23212, 4, 2025/02/27, 10:12:09.428, 16973755256370, testhost.dll, TestExecutorExtensionManager: Loading executor Xunit.Runner.VisualStudio.VsTestRunner
TpTrace Verbose: 0 : 23212, 4, 2025/02/27, 10:12:09.428, 16973755256673, testhost.dll, TestExecutorService: Loaded the executors
TpTrace Verbose: 0 : 23212, 4, 2025/02/27, 10:12:09.429, 16973755264540, testhost.dll, TestPluginCache.DiscoverTestExtensions: finding test extensions in assemblies ends with: TestAdapter.dll TPluginInfo: Microsoft.VisualStudio.TestPlatform.Common.ExtensionFramework.Utilities.TestSettingsProviderPluginInformation TExtension: Microsoft.VisualStudio.TestPlatform.ObjectModel.Adapter.ISettingsProvider
TpTrace Verbose: 0 : 23212, 4, 2025/02/27, 10:12:09.429, 16973755265296, testhost.dll, TestPluginCache.GetExtensionPaths: Filtered extension paths: 
TpTrace Verbose: 0 : 23212, 4, 2025/02/27, 10:12:09.429, 16973755265535, testhost.dll, TestPluginCache.GetExtensionPaths: Added default extension paths: C:\Users\Premiersoft\Documents\ARQ\Alberto\TesteAlberto\Questao5\bin\Debug\net6.0\fine-code-coverage\build-output\xunit.runner.visualstudio.dotnetcore.testadapter.dll
TpTrace Verbose: 0 : 23212, 4, 2025/02/27, 10:12:09.429, 16973755265756, testhost.dll, TestPluginCache.GetExtensionPaths: Added unfilterableExtensionPaths: 
TpTrace Information: 0 : 23212, 4, 2025/02/27, 10:12:09.429, 16973755266964, testhost.dll, AssemblyResolver.AddSearchDirectories: Adding more searchDirectories C:\Users\Premiersoft\Documents\ARQ\Alberto\TesteAlberto\Questao5\bin\Debug\net6.0\fine-code-coverage\build-output
TpTrace Verbose: 0 : 23212, 4, 2025/02/27, 10:12:09.429, 16973755267237, testhost.dll, TestPluginCache.DiscoverTestExtensions: Discovering the extensions using extension path.
TpTrace Verbose: 0 : 23212, 4, 2025/02/27, 10:12:09.429, 16973755267450, testhost.dll, TestPluginCache.GetExtensionPaths: Filtered extension paths: 
TpTrace Verbose: 0 : 23212, 4, 2025/02/27, 10:12:09.429, 16973755267599, testhost.dll, TestPluginCache.GetExtensionPaths: Added default extension paths: C:\Users\Premiersoft\Documents\ARQ\Alberto\TesteAlberto\Questao5\bin\Debug\net6.0\fine-code-coverage\build-output\xunit.runner.visualstudio.dotnetcore.testadapter.dll
TpTrace Verbose: 0 : 23212, 4, 2025/02/27, 10:12:09.429, 16973755267782, testhost.dll, TestPluginCache.GetExtensionPaths: Added unfilterableExtensionPaths: 
TpTrace Verbose: 0 : 23212, 4, 2025/02/27, 10:12:09.429, 16973755267970, testhost.dll, TestPluginCache.DiscoverTestExtensions: Discovering the extensions using allExtensionPaths: C:\Users\Premiersoft\Documents\ARQ\Alberto\TesteAlberto\Questao5\bin\Debug\net6.0\fine-code-coverage\build-output\xunit.runner.visualstudio.dotnetcore.testadapter.dll
TpTrace Information: 0 : 23212, 4, 2025/02/27, 10:12:09.429, 16973755268239, testhost.dll, AssemblyResolver.AddSearchDirectories: Adding more searchDirectories C:\Users\Premiersoft\Documents\ARQ\Alberto\TesteAlberto\Questao5\bin\Debug\net6.0\fine-code-coverage\build-output
TpTrace Verbose: 0 : 23212, 4, 2025/02/27, 10:12:09.429, 16973755268744, testhost.dll, MetadataReaderExtensionsHelper: Discovering extensions inside assembly 'xunit.runner.visualstudio.dotnetcore.testadapter, Version=2.4.0.0, Culture=neutral, PublicKeyToken=8d05b1bb7a6fdb6c' file path 'C:\Users\Premiersoft\Documents\ARQ\Alberto\TesteAlberto\Questao5\bin\Debug\net6.0\fine-code-coverage\build-output\xunit.runner.visualstudio.dotnetcore.testadapter.dll'
TpTrace Verbose: 0 : 23212, 4, 2025/02/27, 10:12:09.430, 16973755273143, testhost.dll, TestPluginCache: Discovered the extensions using extension path ''.
TpTrace Verbose: 0 : 23212, 4, 2025/02/27, 10:12:09.430, 16973755273550, testhost.dll, TestPluginCache: Discoverers are ''.
TpTrace Verbose: 0 : 23212, 4, 2025/02/27, 10:12:09.430, 16973755273726, testhost.dll, TestPluginCache: Executors are 'executor://xunit/VsTestRunner2/netcoreapp'.
TpTrace Verbose: 0 : 23212, 4, 2025/02/27, 10:12:09.430, 16973755273892, testhost.dll, TestPluginCache: Executors2 are ''.
TpTrace Verbose: 0 : 23212, 4, 2025/02/27, 10:12:09.430, 16973755274148, testhost.dll, TestPluginCache: Setting providers are ''.
TpTrace Verbose: 0 : 23212, 4, 2025/02/27, 10:12:09.430, 16973755274303, testhost.dll, TestPluginCache: Loggers are ''.
TpTrace Verbose: 0 : 23212, 4, 2025/02/27, 10:12:09.430, 16973755274446, testhost.dll, TestPluginCache: TestHosts are ''.
TpTrace Verbose: 0 : 23212, 4, 2025/02/27, 10:12:09.430, 16973755274587, testhost.dll, TestPluginCache: DataCollectors are ''.
TpTrace Verbose: 0 : 23212, 4, 2025/02/27, 10:12:09.430, 16973755281159, testhost.dll, TestExecutorService: Loaded the settings providers
TpTrace Information: 0 : 23212, 4, 2025/02/27, 10:12:09.431, 16973755281635, testhost.dll, TestExecutorService: Loaded the extensions
TpTrace Information: 0 : 23212, 4, 2025/02/27, 10:12:09.431, 16973755285415, testhost.dll, TestRequestHandler.OnMessageReceived: Running job 'TestExecution.StartWithSources'.
TpTrace Verbose: 0 : 23212, 4, 2025/02/27, 10:12:09.490, 16973755873847, testhost.dll, MulticastDelegateUtilities.SafeInvoke: TestCaseEventsHandler.RaiseSessionStart: Invoking callbacks was skipped because there are no subscribers.
TpTrace Information: 0 : 23212, 4, 2025/02/27, 10:12:09.494, 16973755911549, testhost.dll, TestDiscoveryManager: Discovering tests from sources C:\Users\Premiersoft\Documents\ARQ\Alberto\TesteAlberto\Questao5\bin\Debug\net6.0\fine-code-coverage\build-output\Questao5.dll
TpTrace Verbose: 0 : 23212, 4, 2025/02/27, 10:12:09.496, 16973755938743, testhost.dll, TestPluginCache.DiscoverTestExtensions: finding test extensions in assemblies ends with: TestAdapter.dll TPluginInfo: Microsoft.VisualStudio.TestPlatform.Common.ExtensionFramework.Utilities.TestDiscovererPluginInformation TExtension: Microsoft.VisualStudio.TestPlatform.ObjectModel.Adapter.ITestDiscoverer
TpTrace Verbose: 0 : 23212, 4, 2025/02/27, 10:12:09.496, 16973755940217, testhost.dll, TestPluginCache.GetExtensionPaths: Filtered extension paths: 
TpTrace Verbose: 0 : 23212, 4, 2025/02/27, 10:12:09.496, 16973755940481, testhost.dll, TestPluginCache.GetExtensionPaths: Added default extension paths: C:\Users\Premiersoft\Documents\ARQ\Alberto\TesteAlberto\Questao5\bin\Debug\net6.0\fine-code-coverage\build-output\xunit.runner.visualstudio.dotnetcore.testadapter.dll
TpTrace Verbose: 0 : 23212, 4, 2025/02/27, 10:12:09.496, 16973755940646, testhost.dll, TestPluginCache.GetExtensionPaths: Added unfilterableExtensionPaths: 
TpTrace Information: 0 : 23212, 4, 2025/02/27, 10:12:09.497, 16973755942411, testhost.dll, AssemblyResolver.AddSearchDirectories: Adding more searchDirectories C:\Users\Premiersoft\Documents\ARQ\Alberto\TesteAlberto\Questao5\bin\Debug\net6.0\fine-code-coverage\build-output
TpTrace Verbose: 0 : 23212, 4, 2025/02/27, 10:12:09.497, 16973755942681, testhost.dll, TestPluginCache.DiscoverTestExtensions: Discovering the extensions using extension path.
TpTrace Verbose: 0 : 23212, 4, 2025/02/27, 10:12:09.497, 16973755942861, testhost.dll, TestPluginCache.GetExtensionPaths: Filtered extension paths: 
TpTrace Verbose: 0 : 23212, 4, 2025/02/27, 10:12:09.497, 16973755943235, testhost.dll, TestPluginCache.GetExtensionPaths: Added default extension paths: C:\Users\Premiersoft\Documents\ARQ\Alberto\TesteAlberto\Questao5\bin\Debug\net6.0\fine-code-coverage\build-output\xunit.runner.visualstudio.dotnetcore.testadapter.dll
TpTrace Verbose: 0 : 23212, 4, 2025/02/27, 10:12:09.497, 16973755943463, testhost.dll, TestPluginCache.GetExtensionPaths: Added unfilterableExtensionPaths: 
TpTrace Verbose: 0 : 23212, 4, 2025/02/27, 10:12:09.497, 16973755943672, testhost.dll, TestPluginCache.DiscoverTestExtensions: Discovering the extensions using allExtensionPaths: C:\Users\Premiersoft\Documents\ARQ\Alberto\TesteAlberto\Questao5\bin\Debug\net6.0\fine-code-coverage\build-output\xunit.runner.visualstudio.dotnetcore.testadapter.dll
TpTrace Information: 0 : 23212, 4, 2025/02/27, 10:12:09.497, 16973755943939, testhost.dll, AssemblyResolver.AddSearchDirectories: Adding more searchDirectories C:\Users\Premiersoft\Documents\ARQ\Alberto\TesteAlberto\Questao5\bin\Debug\net6.0\fine-code-coverage\build-output
TpTrace Verbose: 0 : 23212, 4, 2025/02/27, 10:12:09.497, 16973755944598, testhost.dll, MetadataReaderExtensionsHelper: Discovering extensions inside assembly 'xunit.runner.visualstudio.dotnetcore.testadapter, Version=2.4.0.0, Culture=neutral, PublicKeyToken=8d05b1bb7a6fdb6c' file path 'C:\Users\Premiersoft\Documents\ARQ\Alberto\TesteAlberto\Questao5\bin\Debug\net6.0\fine-code-coverage\build-output\xunit.runner.visualstudio.dotnetcore.testadapter.dll'
TpTrace Information: 0 : 23212, 4, 2025/02/27, 10:12:09.499, 16973755964866, testhost.dll, GetTestExtensionFromType: Register extension with identifier data 'Xunit.Runner.VisualStudio.VsTestRunner, xunit.runner.visualstudio.dotnetcore.testadapter, Version=2.4.0.0, Culture=neutral, PublicKeyToken=8d05b1bb7a6fdb6c' and type 'Xunit.Runner.VisualStudio.VsTestRunner, xunit.runner.visualstudio.dotnetcore.testadapter, Version=2.4.0.0, Culture=neutral, PublicKeyToken=8d05b1bb7a6fdb6c' inside file 'C:\Users\Premiersoft\Documents\ARQ\Alberto\TesteAlberto\Questao5\bin\Debug\net6.0\fine-code-coverage\build-output\xunit.runner.visualstudio.dotnetcore.testadapter.dll'
TpTrace Verbose: 0 : 23212, 4, 2025/02/27, 10:12:09.499, 16973755966328, testhost.dll, TestPluginCache: Discovered the extensions using extension path ''.
TpTrace Verbose: 0 : 23212, 4, 2025/02/27, 10:12:09.499, 16973755966736, testhost.dll, TestPluginCache: Discoverers are 'Xunit.Runner.VisualStudio.VsTestRunner, xunit.runner.visualstudio.dotnetcore.testadapter, Version=2.4.0.0, Culture=neutral, PublicKeyToken=8d05b1bb7a6fdb6c'.
TpTrace Verbose: 0 : 23212, 4, 2025/02/27, 10:12:09.499, 16973755966932, testhost.dll, TestPluginCache: Executors are 'executor://xunit/VsTestRunner2/netcoreapp'.
TpTrace Verbose: 0 : 23212, 4, 2025/02/27, 10:12:09.499, 16973755967111, testhost.dll, TestPluginCache: Executors2 are ''.
TpTrace Verbose: 0 : 23212, 4, 2025/02/27, 10:12:09.499, 16973755967264, testhost.dll, TestPluginCache: Setting providers are ''.
TpTrace Verbose: 0 : 23212, 4, 2025/02/27, 10:12:09.499, 16973755967409, testhost.dll, TestPluginCache: Loggers are ''.
TpTrace Verbose: 0 : 23212, 4, 2025/02/27, 10:12:09.499, 16973755967553, testhost.dll, TestPluginCache: TestHosts are ''.
TpTrace Verbose: 0 : 23212, 4, 2025/02/27, 10:12:09.499, 16973755967747, testhost.dll, TestPluginCache: DataCollectors are ''.
TpTrace Information: 0 : 23212, 4, 2025/02/27, 10:12:09.502, 16973755994667, testhost.dll, PEReaderHelper.GetAssemblyType: Determined assemblyType:'Managed' for source: 'C:\Users\Premiersoft\Documents\ARQ\Alberto\TesteAlberto\Questao5\bin\Debug\net6.0\fine-code-coverage\build-output\Questao5.dll'
TpTrace Verbose: 0 : 23212, 4, 2025/02/27, 10:12:09.506, 16973756040982, testhost.dll, BaseRunTests.RunTestInternalWithExecutors: Running tests for executor://xunit/VsTestRunner2/netcoreapp
TpTrace Information: 0 : 23212, 4, 2025/02/27, 10:12:09.512, 16973756101268, testhost.dll, [xUnit.net 00:00:00.00] xUnit.net VSTest Adapter v2.4.5+1caef2f33e (64-bit .NET 6.0.33)
TpTrace Verbose: 0 : 23212, 4, 2025/02/27, 10:12:09.513, 16973756103051, testhost.dll, TestRequestHandler.SendData: sending data from testhost: {"Version":7,"MessageType":"TestSession.Message","Payload":{"MessageLevel":0,"Message":"[xUnit.net 00:00:00.00] xUnit.net VSTest Adapter v2.4.5+1caef2f33e (64-bit .NET 6.0.33)"}}
TpTrace Verbose: 0 : 23212, 4, 2025/02/27, 10:12:09.513, 16973756105447, testhost.dll, MulticastDelegateUtilities.SafeInvoke: TestRunMessageLoggerProxy.SendMessage: Invoking callback 1/1 for Microsoft.VisualStudio.TestPlatform.CrossPlatEngine.Execution.RunTestsWithSources.OnTestRunMessage, took 0 ms.
TpTrace Information: 0 : 23212, 4, 2025/02/27, 10:12:10.369, 16973764668000, testhost.dll, AssemblyResolver.OnResolve: xunit.runner.reporters.netcoreapp10: Resolving assembly.
TpTrace Information: 0 : 23212, 4, 2025/02/27, 10:12:10.369, 16973764669494, testhost.dll, AssemblyResolver.OnResolve: xunit.runner.reporters.netcoreapp10: Searching in: 'C:\Users\Premiersoft\Documents\ARQ\Alberto\TesteAlberto\Questao5\bin\Debug\net6.0\fine-code-coverage\build-output'.
TpTrace Information: 0 : 23212, 4, 2025/02/27, 10:12:10.370, 16973764672281, testhost.dll, AssemblyResolver.OnResolve: xunit.runner.reporters.netcoreapp10: Loading assembly 'C:\Users\Premiersoft\Documents\ARQ\Alberto\TesteAlberto\Questao5\bin\Debug\net6.0\fine-code-coverage\build-output\xunit.runner.reporters.netcoreapp10.dll'.
TpTrace Information: 0 : 23212, 4, 2025/02/27, 10:12:10.370, 16973764679004, testhost.dll, AssemblyResolver.OnResolve: Resolved assembly: xunit.runner.reporters.netcoreapp10, from path: C:\Users\Premiersoft\Documents\ARQ\Alberto\TesteAlberto\Questao5\bin\Debug\net6.0\fine-code-coverage\build-output\xunit.runner.reporters.netcoreapp10.dll
TpTrace Verbose: 0 : 23212, 9, 2025/02/27, 10:12:10.401, 16973764990872, testhost.dll, TcpClientExtensions.MessageLoopAsync: Polling on remoteEndPoint: [::ffff:127.0.0.1]:52819 localEndPoint: [::ffff:127.0.0.1]:52820
TpTrace Information: 0 : 23212, 4, 2025/02/27, 10:12:10.421, 16973765188453, testhost.dll, [xUnit.net 00:00:00.91]   Discovering: Questao5
TpTrace Verbose: 0 : 23212, 4, 2025/02/27, 10:12:10.421, 16973765189881, testhost.dll, TestRequestHandler.SendData: sending data from testhost: {"Version":7,"MessageType":"TestSession.Message","Payload":{"MessageLevel":0,"Message":"[xUnit.net 00:00:00.91]   Discovering: Questao5"}}
TpTrace Verbose: 0 : 23212, 4, 2025/02/27, 10:12:10.421, 16973765191275, testhost.dll, MulticastDelegateUtilities.SafeInvoke: TestRunMessageLoggerProxy.SendMessage: Invoking callback 1/1 for Microsoft.VisualStudio.TestPlatform.CrossPlatEngine.Execution.RunTestsWithSources.OnTestRunMessage, took 0 ms.
TpTrace Information: 0 : 23212, 4, 2025/02/27, 10:12:10.465, 16973765631375, testhost.dll, [xUnit.net 00:00:00.95]   Discovered:  Questao5
TpTrace Verbose: 0 : 23212, 4, 2025/02/27, 10:12:10.466, 16973765632639, testhost.dll, TestRequestHandler.SendData: sending data from testhost: {"Version":7,"MessageType":"TestSession.Message","Payload":{"MessageLevel":0,"Message":"[xUnit.net 00:00:00.95]   Discovered:  Questao5"}}
TpTrace Verbose: 0 : 23212, 4, 2025/02/27, 10:12:10.466, 16973765633809, testhost.dll, MulticastDelegateUtilities.SafeInvoke: TestRunMessageLoggerProxy.SendMessage: Invoking callback 1/1 for Microsoft.VisualStudio.TestPlatform.CrossPlatEngine.Execution.RunTestsWithSources.OnTestRunMessage, took 0 ms.
TpTrace Information: 0 : 23212, 4, 2025/02/27, 10:12:10.467, 16973765649075, testhost.dll, [xUnit.net 00:00:00.95]   Starting:    Questao5
TpTrace Verbose: 0 : 23212, 4, 2025/02/27, 10:12:10.467, 16973765650162, testhost.dll, TestRequestHandler.SendData: sending data from testhost: {"Version":7,"MessageType":"TestSession.Message","Payload":{"MessageLevel":0,"Message":"[xUnit.net 00:00:00.95]   Starting:    Questao5"}}
TpTrace Verbose: 0 : 23212, 4, 2025/02/27, 10:12:10.467, 16973765651192, testhost.dll, MulticastDelegateUtilities.SafeInvoke: TestRunMessageLoggerProxy.SendMessage: Invoking callback 1/1 for Microsoft.VisualStudio.TestPlatform.CrossPlatEngine.Execution.RunTestsWithSources.OnTestRunMessage, took 0 ms.
TpTrace Verbose: 0 : 23212, 17, 2025/02/27, 10:12:10.504, 16973766021031, testhost.dll, TestExecutionRecorder.RecordStart: Starting test: Questao5.Testes.ApplicationTests.CommandsTests.RequestTests.SaldoContaCorrenteRequestCommandTests.MovimentacaoRequestCommand_Valido.
TpTrace Verbose: 0 : 23212, 17, 2025/02/27, 10:12:10.571, 16973766690817, testhost.dll, MulticastDelegateUtilities.SafeInvoke: TestCaseEventsHandler.RaiseTestCaseStart: Invoking callback 1/1 for Microsoft.VisualStudio.TestPlatform.CrossPlatEngine.DataCollection.ProxyOutOfProcDataCollectionManager.TriggerTestCaseStart, took 65 ms.
TpTrace Verbose: 0 : 23212, 17, 2025/02/27, 10:12:10.572, 16973766693478, testhost.dll, TestExecutionRecorder.RecordStart: Starting test: Questao5.Testes.ApplicationTests.CommandsTests.RequestTests.MovimentacaoRequestCommandTests.MovimentacaoRequestCommand_Valido.
TpTrace Verbose: 0 : 23212, 17, 2025/02/27, 10:12:10.824, 16973769215279, testhost.dll, MulticastDelegateUtilities.SafeInvoke: TestCaseEventsHandler.RaiseTestCaseStart: Invoking callback 1/1 for Microsoft.VisualStudio.TestPlatform.CrossPlatEngine.DataCollection.ProxyOutOfProcDataCollectionManager.TriggerTestCaseStart, took 252 ms.
TpTrace Verbose: 0 : 23212, 17, 2025/02/27, 10:12:10.824, 16973769217471, testhost.dll, TestExecutionRecorder.RecordStart: Starting test: Questao5.Testes.ApplicationTests.DomainTests.EntitiTests.IdempotenciaTests.Idepotencia_Valido.
TpTrace Verbose: 0 : 23212, 17, 2025/02/27, 10:12:10.826, 16973769232642, testhost.dll, MulticastDelegateUtilities.SafeInvoke: TestCaseEventsHandler.RaiseTestCaseStart: Invoking callback 1/1 for Microsoft.VisualStudio.TestPlatform.CrossPlatEngine.DataCollection.ProxyOutOfProcDataCollectionManager.TriggerTestCaseStart, took 1 ms.
TpTrace Verbose: 0 : 23212, 17, 2025/02/27, 10:12:10.826, 16973769233896, testhost.dll, TestExecutionRecorder.RecordStart: Starting test: Questao5.Testes.ApplicationTests.HandlersTests.SaldoTests.SaldoContaCorreteHandlerTeste.SaldoContaCorreteHandler_Valido.
TpTrace Verbose: 0 : 23212, 17, 2025/02/27, 10:12:10.827, 16973769245885, testhost.dll, MulticastDelegateUtilities.SafeInvoke: TestCaseEventsHandler.RaiseTestCaseStart: Invoking callback 1/1 for Microsoft.VisualStudio.TestPlatform.CrossPlatEngine.DataCollection.ProxyOutOfProcDataCollectionManager.TriggerTestCaseStart, took 1 ms.
TpTrace Verbose: 0 : 23212, 17, 2025/02/27, 10:12:10.827, 16973769247281, testhost.dll, TestExecutionRecorder.RecordStart: Starting test: Questao5.Testes.ApplicationTests.HandlersTests.MovimentacaoTests.MovimentacaoHandlerTeste.MovimentacaoHandler_Valido.
TpTrace Verbose: 0 : 23212, 17, 2025/02/27, 10:12:10.828, 16973769259234, testhost.dll, MulticastDelegateUtilities.SafeInvoke: TestCaseEventsHandler.RaiseTestCaseStart: Invoking callback 1/1 for Microsoft.VisualStudio.TestPlatform.CrossPlatEngine.DataCollection.ProxyOutOfProcDataCollectionManager.TriggerTestCaseStart, took 1 ms.
TpTrace Verbose: 0 : 23212, 17, 2025/02/27, 10:12:10.830, 16973769274101, testhost.dll, TestExecutionRecorder.RecordResult: Received result for test: Questao5.Testes.ApplicationTests.CommandsTests.RequestTests.SaldoContaCorrenteRequestCommandTests.MovimentacaoRequestCommand_Valido.
TpTrace Verbose: 0 : 23212, 17, 2025/02/27, 10:12:10.844, 16973769411636, testhost.dll, MulticastDelegateUtilities.SafeInvoke: TestCaseEventsHandler.RaiseTestCaseEnd: Invoking callback 1/1 for Microsoft.VisualStudio.TestPlatform.CrossPlatEngine.DataCollection.ProxyOutOfProcDataCollectionManager.TriggerTestCaseEnd, took 13 ms.
TpTrace Verbose: 0 : 23212, 17, 2025/02/27, 10:12:10.847, 16973769450891, testhost.dll, MulticastDelegateUtilities.SafeInvoke: TestCaseEventsHandler.RaiseTestCaseEnd: Invoking callback 1/1 for Microsoft.VisualStudio.TestPlatform.CrossPlatEngine.DataCollection.ProxyOutOfProcDataCollectionManager.TriggerSendTestResult, took 2 ms.
TpTrace Verbose: 0 : 23212, 17, 2025/02/27, 10:12:10.851, 16973769490961, testhost.dll, TestExecutionRecorder.RecordResult: Received result for test: Questao5.Testes.ApplicationTests.DomainTests.EntitiTests.IdempotenciaTests.Idepotencia_Valido.
TpTrace Verbose: 0 : 23212, 17, 2025/02/27, 10:12:10.855, 16973769522801, testhost.dll, MulticastDelegateUtilities.SafeInvoke: TestCaseEventsHandler.RaiseTestCaseEnd: Invoking callback 1/1 for Microsoft.VisualStudio.TestPlatform.CrossPlatEngine.DataCollection.ProxyOutOfProcDataCollectionManager.TriggerTestCaseEnd, took 2 ms.
TpTrace Verbose: 0 : 23212, 17, 2025/02/27, 10:12:10.855, 16973769524079, testhost.dll, MulticastDelegateUtilities.SafeInvoke: TestCaseEventsHandler.RaiseTestCaseEnd: Invoking callback 1/1 for Microsoft.VisualStudio.TestPlatform.CrossPlatEngine.DataCollection.ProxyOutOfProcDataCollectionManager.TriggerSendTestResult, took 0 ms.
TpTrace Verbose: 0 : 23212, 17, 2025/02/27, 10:12:10.855, 16973769529267, testhost.dll, TestExecutionRecorder.RecordEnd: test: Questao5.Testes.ApplicationTests.DomainTests.EntitiTests.IdempotenciaTests.Idepotencia_Valido execution completed.
TpTrace Verbose: 0 : 23212, 17, 2025/02/27, 10:12:10.855, 16973769531461, testhost.dll, TestExecutionRecorder.RecordEnd: test: Questao5.Testes.ApplicationTests.CommandsTests.RequestTests.SaldoContaCorrenteRequestCommandTests.MovimentacaoRequestCommand_Valido execution completed.
TpTrace Verbose: 0 : 23212, 17, 2025/02/27, 10:12:10.856, 16973769532462, testhost.dll, TestExecutionRecorder.RecordResult: Received result for test: Questao5.Testes.ApplicationTests.CommandsTests.RequestTests.MovimentacaoRequestCommandTests.MovimentacaoRequestCommand_Valido.
TpTrace Verbose: 0 : 23212, 17, 2025/02/27, 10:12:10.857, 16973769550843, testhost.dll, MulticastDelegateUtilities.SafeInvoke: TestCaseEventsHandler.RaiseTestCaseEnd: Invoking callback 1/1 for Microsoft.VisualStudio.TestPlatform.CrossPlatEngine.DataCollection.ProxyOutOfProcDataCollectionManager.TriggerTestCaseEnd, took 1 ms.
TpTrace Verbose: 0 : 23212, 17, 2025/02/27, 10:12:10.858, 16973769551581, testhost.dll, MulticastDelegateUtilities.SafeInvoke: TestCaseEventsHandler.RaiseTestCaseEnd: Invoking callback 1/1 for Microsoft.VisualStudio.TestPlatform.CrossPlatEngine.DataCollection.ProxyOutOfProcDataCollectionManager.TriggerSendTestResult, took 0 ms.
TpTrace Verbose: 0 : 23212, 17, 2025/02/27, 10:12:10.858, 16973769552152, testhost.dll, TestExecutionRecorder.RecordEnd: test: Questao5.Testes.ApplicationTests.CommandsTests.RequestTests.MovimentacaoRequestCommandTests.MovimentacaoRequestCommand_Valido execution completed.
TpTrace Verbose: 0 : 23212, 17, 2025/02/27, 10:12:10.878, 16973769753747, testhost.dll, TestExecutionRecorder.RecordResult: Received result for test: Questao5.Testes.ApplicationTests.HandlersTests.MovimentacaoTests.MovimentacaoHandlerTeste.MovimentacaoHandler_Valido.
TpTrace Verbose: 0 : 23212, 17, 2025/02/27, 10:12:10.879, 16973769768332, testhost.dll, MulticastDelegateUtilities.SafeInvoke: TestCaseEventsHandler.RaiseTestCaseEnd: Invoking callback 1/1 for Microsoft.VisualStudio.TestPlatform.CrossPlatEngine.DataCollection.ProxyOutOfProcDataCollectionManager.TriggerTestCaseEnd, took 1 ms.
TpTrace Verbose: 0 : 23212, 17, 2025/02/27, 10:12:10.879, 16973769769340, testhost.dll, MulticastDelegateUtilities.SafeInvoke: TestCaseEventsHandler.RaiseTestCaseEnd: Invoking callback 1/1 for Microsoft.VisualStudio.TestPlatform.CrossPlatEngine.DataCollection.ProxyOutOfProcDataCollectionManager.TriggerSendTestResult, took 0 ms.
TpTrace Verbose: 0 : 23212, 17, 2025/02/27, 10:12:10.879, 16973769770092, testhost.dll, TestExecutionRecorder.RecordEnd: test: Questao5.Testes.ApplicationTests.HandlersTests.MovimentacaoTests.MovimentacaoHandlerTeste.MovimentacaoHandler_Valido execution completed.
TpTrace Verbose: 0 : 23212, 17, 2025/02/27, 10:12:10.879, 16973769770683, testhost.dll, TestExecutionRecorder.RecordResult: Received result for test: Questao5.Testes.ApplicationTests.HandlersTests.SaldoTests.SaldoContaCorreteHandlerTeste.SaldoContaCorreteHandler_Valido.
TpTrace Verbose: 0 : 23212, 17, 2025/02/27, 10:12:10.881, 16973769781657, testhost.dll, MulticastDelegateUtilities.SafeInvoke: TestCaseEventsHandler.RaiseTestCaseEnd: Invoking callback 1/1 for Microsoft.VisualStudio.TestPlatform.CrossPlatEngine.DataCollection.ProxyOutOfProcDataCollectionManager.TriggerTestCaseEnd, took 1 ms.
TpTrace Verbose: 0 : 23212, 17, 2025/02/27, 10:12:10.881, 16973769782494, testhost.dll, MulticastDelegateUtilities.SafeInvoke: TestCaseEventsHandler.RaiseTestCaseEnd: Invoking callback 1/1 for Microsoft.VisualStudio.TestPlatform.CrossPlatEngine.DataCollection.ProxyOutOfProcDataCollectionManager.TriggerSendTestResult, took 0 ms.
TpTrace Verbose: 0 : 23212, 17, 2025/02/27, 10:12:10.881, 16973769782998, testhost.dll, TestExecutionRecorder.RecordEnd: test: Questao5.Testes.ApplicationTests.HandlersTests.SaldoTests.SaldoContaCorreteHandlerTeste.SaldoContaCorreteHandler_Valido execution completed.
TpTrace Warning: 0 : 23212, 17, 2025/02/27, 10:12:10.881, 16973769783955, testhost.dll, TestRunCache: InProgressTests is null
TpTrace Information: 0 : 23212, 4, 2025/02/27, 10:12:10.882, 16973769791684, testhost.dll, [xUnit.net 00:00:01.37]   Finished:    Questao5
TpTrace Verbose: 0 : 23212, 4, 2025/02/27, 10:12:10.882, 16973769792748, testhost.dll, TestRequestHandler.SendData: sending data from testhost: {"Version":7,"MessageType":"TestSession.Message","Payload":{"MessageLevel":0,"Message":"[xUnit.net 00:00:01.37]   Finished:    Questao5"}}
TpTrace Verbose: 0 : 23212, 4, 2025/02/27, 10:12:10.882, 16973769794015, testhost.dll, MulticastDelegateUtilities.SafeInvoke: TestRunMessageLoggerProxy.SendMessage: Invoking callback 1/1 for Microsoft.VisualStudio.TestPlatform.CrossPlatEngine.Execution.RunTestsWithSources.OnTestRunMessage, took 0 ms.
TpTrace Verbose: 0 : 23212, 4, 2025/02/27, 10:12:10.886, 16973769840031, testhost.dll, BaseRunTests.RunTestInternalWithExecutors: Completed running tests for executor://xunit/VsTestRunner2/netcoreapp
TpTrace Verbose: 0 : 23212, 4, 2025/02/27, 10:12:10.888, 16973769852404, testhost.dll, MulticastDelegateUtilities.SafeInvoke: TestCaseEventsHandler.RaiseSessionEnd: Invoking callback 1/1 for Microsoft.VisualStudio.TestPlatform.CrossPlatEngine.DataCollection.ProxyOutOfProcDataCollectionManager.TriggerTestSessionEnd, took 0 ms.
TpTrace Information: 0 : 23212, 4, 2025/02/27, 10:12:10.892, 16973769892129, testhost.dll, Sending test run complete
TpTrace Verbose: 0 : 23212, 4, 2025/02/27, 10:12:10.922, 16973770191548, testhost.dll, TestRequestHandler.SendData: sending data from testhost: {"Version":7,"MessageType":"TestExecution.Completed","Payload":{"TestRunCompleteArgs":{"TestRunStatistics":{"ExecutedTests":5,"Stats":{"Passed":5}},"IsCanceled":false,"IsAborted":false,"Error":null,"AttachmentSets":[],"InvokedDataCollectors":[],"ElapsedTimeInRunningTests":"00:00:01.3835774","Metrics":{},"DiscoveredExtensions":{"TestDiscoverers":["Xunit.Runner.VisualStudio.VsTestRunner, xunit.runner.visualstudio.dotnetcore.testadapter, Version=2.4.0.0, Culture=neutral, PublicKeyToken=8d05b1bb7a6fdb6c"],"TestExecutors":["executor://xunit/VsTestRunner2/netcoreapp"],"TestExecutors2":[],"TestSettingsProviders":[]}},"LastRunTests":{"NewTestResults":[{"TestCase":{"Id":"317016c8-c8e1-d34b-8661-d802aa19d00e","FullyQualifiedName":"Questao5.Testes.ApplicationTests.CommandsTests.RequestTests.SaldoContaCorrenteRequestCommandTests.MovimentacaoRequestCommand_Valido","DisplayName":"MovimentacaoRequestCommand Valido","ExecutorUri":"executor://xunit/VsTestRunner2/netcoreapp","Source":"C:\\Users\\Premiersoft\\Documents\\ARQ\\Alberto\\TesteAlberto\\Questao5\\bin\\Debug\\net6.0\\fine-code-coverage\\build-output\\Questao5.dll","CodeFilePath":null,"LineNumber":0,"Properties":[{"Key":{"Id":"TestObject.Traits","Label":"Características","Category":"","Description":"","Attributes":5,"ValueType":"System.Collections.Generic.KeyValuePair`2[[System.String],[System.String]][]"},"Value":[{"Key":"Categoria","Value":"MovimentacaoCommand"}]}]},"Attachments":[],"Outcome":1,"ErrorMessage":null,"ErrorStackTrace":null,"DisplayName":"MovimentacaoRequestCommand Valido","Messages":[],"ComputerName":"PS-STFA107-0066","Duration":"00:00:00.0036395","StartTime":"2025-02-27T13:12:10.8300184+00:00","EndTime":"2025-02-27T13:12:10.8300339+00:00","Properties":[]},{"TestCase":{"Id":"f01b1df1-bac2-86a6-cff5-599c933e2a6b","FullyQualifiedName":"Questao5.Testes.ApplicationTests.DomainTests.EntitiTests.IdempotenciaTests.Idepotencia_Valido","DisplayName":"Idempotencia Valido","ExecutorUri":"executor://xunit/VsTestRunner2/netcoreapp","Source":"C:\\Users\\Premiersoft\\Documents\\ARQ\\Alberto\\TesteAlberto\\Questao5\\bin\\Debug\\net6.0\\fine-code-coverage\\build-output\\Questao5.dll","CodeFilePath":null,"LineNumber":0,"Properties":[{"Key":{"Id":"TestObject.Traits","Label":"Características","Category":"","Description":"","Attributes":5,"ValueType":"System.Collections.Generic.KeyValuePair`2[[System.String],[System.String]][]"},"Value":[{"Key":"Categoria","Value":"Movimentacao"}]}]},"Attachments":[],"Outcome":1,"ErrorMessage":null,"ErrorStackTrace":null,"DisplayName":"Idempotencia Valido","Messages":[],"ComputerName":"PS-STFA107-0066","Duration":"00:00:00.0036556","StartTime":"2025-02-27T13:12:10.8518961+00:00","EndTime":"2025-02-27T13:12:10.8518962+00:00","Properties":[]},{"TestCase":{"Id":"35fbb35a-3fca-a598-fa7f-fe445c960c6a","FullyQualifiedName":"Questao5.Testes.ApplicationTests.CommandsTests.RequestTests.MovimentacaoRequestCommandTests.MovimentacaoRequestCommand_Valido","DisplayName":"MovimentacaoRequestCommand Valido","ExecutorUri":"executor://xunit/VsTestRunner2/netcoreapp","Source":"C:\\Users\\Premiersoft\\Documents\\ARQ\\Alberto\\TesteAlberto\\Questao5\\bin\\Debug\\net6.0\\fine-code-coverage\\build-output\\Questao5.dll","CodeFilePath":null,"LineNumber":0,"Properties":[{"Key":{"Id":"TestObject.Traits","Label":"Características","Category":"","Description":"","Attributes":5,"ValueType":"System.Collections.Generic.KeyValuePair`2[[System.String],[System.String]][]"},"Value":[{"Key":"Categoria","Value":"MovimentacaoCommand"}]}]},"Attachments":[],"Outcome":1,"ErrorMessage":null,"ErrorStackTrace":null,"DisplayName":"MovimentacaoRequestCommand Valido","Messages":[],"ComputerName":"PS-STFA107-0066","Duration":"00:00:00.0501399","StartTime":"2025-02-27T13:12:10.8560879+00:00","EndTime":"2025-02-27T13:12:10.8560879+00:00","Properties":[]},{"TestCase":{"Id":"c39b85f3-c2ba-0a50-db0a-3336918a713d","FullyQualifiedName":"Questao5.Testes.ApplicationTests.HandlersTests.MovimentacaoTests.MovimentacaoHandlerTeste.MovimentacaoHandler_Valido","DisplayName":"MovimentacaoHandler Valido","ExecutorUri":"executor://xunit/VsTestRunner2/netcoreapp","Source":"C:\\Users\\Premiersoft\\Documents\\ARQ\\Alberto\\TesteAlberto\\Questao5\\bin\\Debug\\net6.0\\fine-code-coverage\\build-output\\Questao5.dll","CodeFilePath":null,"LineNumber":0,"Properties":[{"Key":{"Id":"TestObject.Traits","Label":"Características","Category":"","Description":"","Attributes":5,"ValueType":"System.Collections.Generic.KeyValuePair`2[[System.String],[System.String]][]"},"Value":[{"Key":"Categoria","Value":"MovimentacaoHandler"}]}]},"Attachments":[],"Outcome":1,"ErrorMessage":null,"ErrorStackTrace":null,"DisplayName":"MovimentacaoHandler Valido","Messages":[],"ComputerName":"PS-STFA107-0066","Duration":"00:00:00.3652599","StartTime":"2025-02-27T13:12:10.8782064+00:00","EndTime":"2025-02-27T13:12:10.8782066+00:00","Properties":[]},{"TestCase":{"Id":"b19b04d4-f434-eba3-b064-ad19726b7b99","FullyQualifiedName":"Questao5.Testes.ApplicationTests.HandlersTests.SaldoTests.SaldoContaCorreteHandlerTeste.SaldoContaCorreteHandler_Valido","DisplayName":"SaldoContaCorreteHandler Valido","ExecutorUri":"executor://xunit/VsTestRunner2/netcoreapp","Source":"C:\\Users\\Premiersoft\\Documents\\ARQ\\Alberto\\TesteAlberto\\Questao5\\bin\\Debug\\net6.0\\fine-code-coverage\\build-output\\Questao5.dll","CodeFilePath":null,"LineNumber":0,"Properties":[{"Key":{"Id":"TestObject.Traits","Label":"Características","Category":"","Description":"","Attributes":5,"ValueType":"System.Collections.Generic.KeyValuePair`2[[System.String],[System.String]][]"},"Value":[{"Key":"Categoria","Value":"SaldoContaCorreteHandler"}]}]},"Attachments":[],"Outcome":1,"ErrorMessage":null,"ErrorStackTrace":null,"DisplayName":"SaldoContaCorreteHandler Valido","Messages":[],"ComputerName":"PS-STFA107-0066","Duration":"00:00:00.3660637","StartTime":"2025-02-27T13:12:10.8799124+00:00","EndTime":"2025-02-27T13:12:10.8799124+00:00","Properties":[]}],"TestRunStatistics":{"ExecutedTests":5,"Stats":{"Passed":5}},"ActiveTests":[]},"RunAttachments":[],"ExecutorUris":["executor://xunit/VsTestRunner2/netcoreapp"]}}
TpTrace Verbose: 0 : 23212, 4, 2025/02/27, 10:12:10.922, 16973770196031, testhost.dll, BaseRunTests.RunTests: Run is complete.
TpTrace Verbose: 0 : 23212, 9, 2025/02/27, 10:12:10.922, 16973770200081, testhost.dll, TcpClientExtensions.MessageLoopAsync: NotifyDataAvailable remoteEndPoint: [::ffff:127.0.0.1]:52819 localEndPoint: [::ffff:127.0.0.1]:52820
TpTrace Information: 0 : 23212, 9, 2025/02/27, 10:12:10.922, 16973770201247, testhost.dll, TestRequestHandler.OnMessageReceived: received message: (TestSession.Terminate) -> {"MessageType":"TestSession.Terminate","Payload":null}
TpTrace Information: 0 : 23212, 9, 2025/02/27, 10:12:10.923, 16973770201486, testhost.dll, Session End message received from server. Closing the connection.
TpTrace Information: 0 : 23212, 9, 2025/02/27, 10:12:10.923, 16973770204048, testhost.dll, SocketClient.Stop: Stop communication from server endpoint: 127.0.0.1:052819
TpTrace Information: 0 : 23212, 9, 2025/02/27, 10:12:10.923, 16973770204511, testhost.dll, SocketClient: Stop: Cancellation requested. Stopping message loop.
TpTrace Verbose: 0 : 23212, 9, 2025/02/27, 10:12:10.923, 16973770205360, testhost.dll, LengthPrefixCommunicationChannel.Dispose: Dispose reader and writer.
TpTrace Information: 0 : 23212, 9, 2025/02/27, 10:12:10.923, 16973770205689, testhost.dll, Closing the connection !
TpTrace Verbose: 0 : 23212, 9, 2025/02/27, 10:12:10.923, 16973770205927, testhost.dll, MulticastDelegateUtilities.SafeInvoke: LengthPrefixCommunicationChannel: MessageReceived: Invoking callback 1/1 for Microsoft.VisualStudio.TestPlatform.CommunicationUtilities.TestRequestHandler.OnMessageReceived, took 0 ms.
TpTrace Information: 0 : 23212, 9, 2025/02/27, 10:12:10.923, 16973770207228, testhost.dll, SocketClient.PrivateStop: Stop communication from server endpoint: 127.0.0.1:052819, error:
TpTrace Verbose: 0 : 23212, 9, 2025/02/27, 10:12:10.923, 16973770209624, testhost.dll, LengthPrefixCommunicationChannel.Dispose: Dispose reader and writer.
TpTrace Information: 0 : 23212, 1, 2025/02/27, 10:12:10.923, 16973770209673, testhost.dll, Closing the connection!
TpTrace Verbose: 0 : 23212, 9, 2025/02/27, 10:12:10.923, 16973770210103, testhost.dll, TcpClientExtensions.MessageLoopAsync: exiting MessageLoopAsync remoteEndPoint: [::ffff:127.0.0.1]:52819 localEndPoint: [::ffff:127.0.0.1]:52820
TpTrace Information: 0 : 23212, 1, 2025/02/27, 10:12:10.923, 16973770211024, testhost.dll, Testhost process exiting.
