TpTrace Verbose: 0 : 55776, 1, 2025/02/27, 10:12:08.922, 16973750193280, datacollector.dll, Version: 17.11.0-release-24352-05
TpTrace Information: 0 : 55776, 1, 2025/02/27, 10:12:08.925, 16973750225941, datacollector.dll, DataCollectorMain.Run: Starting data collector run with args: --port,52816,--parentprocessid,22560,--diag,C:\Users\Premiersoft\Documents\ARQ\Alberto\TesteAlberto\Questao5\bin\Debug\net6.0\fine-code-coverage\coverage-tool-output\diagnostics.datacollector.25-02-27_10-12-08_81008_5.log,--tracelevel,4
TpTrace Information: 0 : 55776, 1, 2025/02/27, 10:12:08.926, 16973750232794, datacollector.dll, DataCollector: Monitoring parent process with id: '22560'
TpTrace Information: 0 : 55776, 1, 2025/02/27, 10:12:08.931, 16973750290824, datacollector.dll, Trying to connect to server on socket : 127.0.0.1:52816 
TpTrace Verbose: 0 : 55776, 1, 2025/02/27, 10:12:08.937, 16973750347489, datacollector.dll, SocketCommunicationManager : SetupClientAsync : Attempting to connect to the server.
TpTrace Information: 0 : 55776, 8, 2025/02/27, 10:12:08.943, 16973750409532, datacollector.dll, Connected to the server successfully 
TpTrace Information: 0 : 55776, 8, 2025/02/27, 10:12:08.943, 16973750410316, datacollector.dll, Using the buffer size of 16384 bytes
TpTrace Information: 0 : 55776, 1, 2025/02/27, 10:12:08.984, 16973750813473, datacollector.dll, DataCollector: Start Request Processing.
TpTrace Verbose: 0 : 55776, 1, 2025/02/27, 10:12:08.984, 16973750815380, datacollector.dll, SocketCommunicationManager.WaitForServerConnection took: 0 ms, with 90000 ms timeout, and finished with True.
TpTrace Information: 0 : 55776, 1, 2025/02/27, 10:12:08.984, 16973750817186, datacollector.dll, DataCollectionRequestHandler.ProcessRequests: Datacollector received message: (DataCollection.BeforeTestRunStart) -> {"MessageType":"DataCollection.BeforeTestRunStart","Payload":{"SettingsXml":"<RunSettings><RunConfiguration><ResultsDirectory>C:\\Users\\Premiersoft\\Documents\\ARQ\\Alberto\\TesteAlberto\\Questao5\\bin\\Debug\\net6.0\\fine-code-coverage\\coverage-tool-output</ResultsDirectory><TargetPlatform>X64</TargetPlatform><TargetFrameworkVersion>.NETCoreApp,Version=v6.0</TargetFrameworkVersion><DesignMode>False</DesignMode><CollectSourceInformation>False</CollectSourceInformation><TestAdaptersPaths>C:\\Program Files\\dotnet\\sdk\\8.0.400\\Extensions</TestAdaptersPaths></RunConfiguration><LoggerRunSettings><Loggers><Logger friendlyName=\"blame\" enabled=\"True\" /><Logger friendlyName=\"Console\" uri=\"logger://microsoft/TestPlatform/ConsoleLogger/v1\" assemblyQualifiedName=\"Microsoft.VisualStudio.TestPlatform.CommandLine.Internal.ConsoleLogger, vstest.console, Version=15.0.0.0, Culture=neutral, PublicKeyToken=b03f5f7f11d50a3a\" codeBase=\"C:\\Program Files\\dotnet\\sdk\\8.0.400\\vstest.console.dll\" enabled=\"True\" /></Loggers></LoggerRunSettings><DataCollectionRunSettings><DataCollectors><DataCollector friendlyName=\"blame\" enabled=\"True\"><Configuration><ResultsDirectory>C:\\Users\\Premiersoft\\Documents\\ARQ\\Alberto\\TesteAlberto\\Questao5\\bin\\Debug\\net6.0\\fine-code-coverage\\coverage-tool-output</ResultsDirectory></Configuration></DataCollector></DataCollectors></DataCollectionRunSettings></RunSettings>","Sources":["C:\\Users\\Premiersoft\\Documents\\ARQ\\Alberto\\TesteAlberto\\Questao5\\bin\\Debug\\net6.0\\fine-code-coverage\\build-output\\Questao5.dll"],"IsTelemetryOptedIn":false}}
TpTrace Verbose: 0 : 55776, 1, 2025/02/27, 10:12:09.023, 16973751205428, datacollector.dll, TestPluginCache: Update extensions started. Skip filter = False
TpTrace Verbose: 0 : 55776, 1, 2025/02/27, 10:12:09.024, 16973751213036, datacollector.dll, TestPluginCache: Using directories for assembly resolution 'C:\Program Files\dotnet\sdk\8.0.400\Extensions'.
TpTrace Verbose: 0 : 55776, 1, 2025/02/27, 10:12:09.024, 16973751213716, datacollector.dll, TestPluginCache: Updated the available extensions to 'C:\Program Files\dotnet\sdk\8.0.400\Extensions\Microsoft.TestPlatform.Extensions.BlameDataCollector.dll,C:\Program Files\dotnet\sdk\8.0.400\Extensions\Microsoft.TestPlatform.Extensions.EventLogCollector.dll'.
TpTrace Verbose: 0 : 55776, 1, 2025/02/27, 10:12:09.028, 16973751253139, datacollector.dll, TestPluginCache.DiscoverTestExtensions: finding test extensions in assemblies ends with: Collector.dll TPluginInfo: Microsoft.VisualStudio.TestPlatform.Common.DataCollector.DataCollectorConfig TExtension: Microsoft.VisualStudio.TestPlatform.ObjectModel.DataCollection.DataCollector
TpTrace Verbose: 0 : 55776, 1, 2025/02/27, 10:12:09.030, 16973751272212, datacollector.dll, TestPluginCache.GetExtensionPaths: Filtered extension paths: C:\Program Files\dotnet\sdk\8.0.400\Extensions\Microsoft.TestPlatform.Extensions.BlameDataCollector.dll
C:\Program Files\dotnet\sdk\8.0.400\Extensions\Microsoft.TestPlatform.Extensions.EventLogCollector.dll
TpTrace Verbose: 0 : 55776, 1, 2025/02/27, 10:12:09.030, 16973751274327, datacollector.dll, TestPluginCache.GetExtensionPaths: Added default extension paths: 
TpTrace Verbose: 0 : 55776, 1, 2025/02/27, 10:12:09.030, 16973751274494, datacollector.dll, TestPluginCache.GetExtensionPaths: Added unfilterableExtensionPaths: 
TpTrace Information: 0 : 55776, 1, 2025/02/27, 10:12:09.030, 16973751278705, datacollector.dll, AssemblyResolver.ctor: Creating AssemblyResolver with searchDirectories C:\Program Files\dotnet\sdk\8.0.400\Extensions,C:\Program Files\dotnet\sdk\8.0.400
TpTrace Verbose: 0 : 55776, 1, 2025/02/27, 10:12:09.031, 16973751286710, datacollector.dll, TestPluginCache.DiscoverTestExtensions: Discovering the extensions using extension path.
TpTrace Verbose: 0 : 55776, 1, 2025/02/27, 10:12:09.031, 16973751287906, datacollector.dll, TestPluginCache.GetExtensionPaths: Filtered extension paths: C:\Program Files\dotnet\sdk\8.0.400\Extensions\Microsoft.TestPlatform.Extensions.BlameDataCollector.dll
C:\Program Files\dotnet\sdk\8.0.400\Extensions\Microsoft.TestPlatform.Extensions.EventLogCollector.dll
TpTrace Verbose: 0 : 55776, 1, 2025/02/27, 10:12:09.031, 16973751288158, datacollector.dll, TestPluginCache.GetExtensionPaths: Added default extension paths: 
TpTrace Verbose: 0 : 55776, 1, 2025/02/27, 10:12:09.031, 16973751288302, datacollector.dll, TestPluginCache.GetExtensionPaths: Added unfilterableExtensionPaths: 
TpTrace Verbose: 0 : 55776, 1, 2025/02/27, 10:12:09.031, 16973751288649, datacollector.dll, TestPluginCache.DiscoverTestExtensions: Discovering the extensions using allExtensionPaths: C:\Program Files\dotnet\sdk\8.0.400\Extensions\Microsoft.TestPlatform.Extensions.BlameDataCollector.dll
C:\Program Files\dotnet\sdk\8.0.400\Extensions\Microsoft.TestPlatform.Extensions.EventLogCollector.dll
TpTrace Information: 0 : 55776, 1, 2025/02/27, 10:12:09.031, 16973751289326, datacollector.dll, AssemblyResolver.AddSearchDirectories: Adding more searchDirectories C:\Program Files\dotnet\sdk\8.0.400\Extensions,C:\Program Files\dotnet\sdk\8.0.400
TpTrace Information: 0 : 55776, 1, 2025/02/27, 10:12:09.031, 16973751289632, datacollector.dll, AssemblyResolver.AddSearchDirectories: Adding more searchDirectories C:\Program Files\dotnet\sdk\8.0.400\Extensions,C:\Program Files\dotnet\sdk\8.0.400
TpTrace Information: 0 : 55776, 1, 2025/02/27, 10:12:09.032, 16973751292004, datacollector.dll, AssemblyResolver.OnResolve: Microsoft.TestPlatform.Extensions.BlameDataCollector: Resolving assembly.
TpTrace Information: 0 : 55776, 1, 2025/02/27, 10:12:09.032, 16973751292658, datacollector.dll, AssemblyResolver.OnResolve: Microsoft.TestPlatform.Extensions.BlameDataCollector: Searching in: 'C:\Program Files\dotnet\sdk\8.0.400\Extensions'.
TpTrace Information: 0 : 55776, 1, 2025/02/27, 10:12:09.037, 16973751345908, datacollector.dll, AssemblyResolver.OnResolve: Microsoft.TestPlatform.Extensions.BlameDataCollector: Loading assembly 'C:\Program Files\dotnet\sdk\8.0.400\Extensions\Microsoft.TestPlatform.Extensions.BlameDataCollector.dll'.
TpTrace Information: 0 : 55776, 1, 2025/02/27, 10:12:09.038, 16973751354134, datacollector.dll, AssemblyResolver.OnResolve: Resolved assembly: Microsoft.TestPlatform.Extensions.BlameDataCollector, from path: C:\Program Files\dotnet\sdk\8.0.400\Extensions\Microsoft.TestPlatform.Extensions.BlameDataCollector.dll
TpTrace Verbose: 0 : 55776, 1, 2025/02/27, 10:12:09.043, 16973751403735, datacollector.dll, MetadataReaderExtensionsHelper: Discovering extensions inside assembly 'Microsoft.TestPlatform.Extensions.BlameDataCollector, Version=15.0.0.0, Culture=neutral, PublicKeyToken=b03f5f7f11d50a3a' file path 'C:\Program Files\dotnet\sdk\8.0.400\Extensions\Microsoft.TestPlatform.Extensions.BlameDataCollector.dll'
TpTrace Error: 0 : 55776, 1, 2025/02/27, 10:12:09.045, 16973751425280, datacollector.dll, The type "Microsoft.TestPlatform.Extensions.BlameDataCollector.BlameCollector" defined in "Microsoft.TestPlatform.Extensions.BlameDataCollector.dll" does not have ExtensionUri attribute.
TpTrace Information: 0 : 55776, 1, 2025/02/27, 10:12:09.047, 16973751447456, datacollector.dll, GetTestExtensionFromType: Register extension with identifier data 'datacollector://microsoft/TestPlatform/Extensions/Blame/v1' and type 'Microsoft.TestPlatform.Extensions.BlameDataCollector.BlameCollector, Microsoft.TestPlatform.Extensions.BlameDataCollector, Version=15.0.0.0, Culture=neutral, PublicKeyToken=b03f5f7f11d50a3a' inside file 'C:\Program Files\dotnet\sdk\8.0.400\Extensions\Microsoft.TestPlatform.Extensions.BlameDataCollector.dll'
TpTrace Information: 0 : 55776, 1, 2025/02/27, 10:12:09.047, 16973751448500, datacollector.dll, AssemblyResolver.OnResolve: Microsoft.TestPlatform.Extensions.EventLogCollector: Resolving assembly.
TpTrace Information: 0 : 55776, 1, 2025/02/27, 10:12:09.047, 16973751448882, datacollector.dll, AssemblyResolver.OnResolve: Microsoft.TestPlatform.Extensions.EventLogCollector: Searching in: 'C:\Program Files\dotnet\sdk\8.0.400\Extensions'.
TpTrace Information: 0 : 55776, 1, 2025/02/27, 10:12:09.048, 16973751451725, datacollector.dll, AssemblyResolver.OnResolve: Microsoft.TestPlatform.Extensions.EventLogCollector: Loading assembly 'C:\Program Files\dotnet\sdk\8.0.400\Extensions\Microsoft.TestPlatform.Extensions.EventLogCollector.dll'.
TpTrace Information: 0 : 55776, 1, 2025/02/27, 10:12:09.048, 16973751457121, datacollector.dll, AssemblyResolver.OnResolve: Resolved assembly: Microsoft.TestPlatform.Extensions.EventLogCollector, from path: C:\Program Files\dotnet\sdk\8.0.400\Extensions\Microsoft.TestPlatform.Extensions.EventLogCollector.dll
TpTrace Verbose: 0 : 55776, 1, 2025/02/27, 10:12:09.048, 16973751457690, datacollector.dll, MetadataReaderExtensionsHelper: Discovering extensions inside assembly 'Microsoft.TestPlatform.Extensions.EventLogCollector, Version=15.0.0.0, Culture=neutral, PublicKeyToken=b03f5f7f11d50a3a' file path 'C:\Program Files\dotnet\sdk\8.0.400\Extensions\Microsoft.TestPlatform.Extensions.EventLogCollector.dll'
TpTrace Error: 0 : 55776, 1, 2025/02/27, 10:12:09.050, 16973751481042, datacollector.dll, The type "Microsoft.TestPlatform.Extensions.EventLogCollector.EventLogDataCollector" defined in "Microsoft.TestPlatform.Extensions.EventLogCollector.dll" does not have ExtensionUri attribute.
TpTrace Information: 0 : 55776, 1, 2025/02/27, 10:12:09.051, 16973751483515, datacollector.dll, GetTestExtensionFromType: Register extension with identifier data 'datacollector://microsoft/EventLog/2.0' and type 'Microsoft.TestPlatform.Extensions.EventLogCollector.EventLogDataCollector, Microsoft.TestPlatform.Extensions.EventLogCollector, Version=15.0.0.0, Culture=neutral, PublicKeyToken=b03f5f7f11d50a3a' inside file 'C:\Program Files\dotnet\sdk\8.0.400\Extensions\Microsoft.TestPlatform.Extensions.EventLogCollector.dll'
TpTrace Verbose: 0 : 55776, 1, 2025/02/27, 10:12:09.051, 16973751485057, datacollector.dll, TestPluginCache: Discovered the extensions using extension path 'C:\Program Files\dotnet\sdk\8.0.400\Extensions\Microsoft.TestPlatform.Extensions.BlameDataCollector.dll,C:\Program Files\dotnet\sdk\8.0.400\Extensions\Microsoft.TestPlatform.Extensions.EventLogCollector.dll'.
TpTrace Verbose: 0 : 55776, 1, 2025/02/27, 10:12:09.051, 16973751485390, datacollector.dll, TestPluginCache: Discoverers are ''.
TpTrace Verbose: 0 : 55776, 1, 2025/02/27, 10:12:09.051, 16973751485535, datacollector.dll, TestPluginCache: Executors are ''.
TpTrace Verbose: 0 : 55776, 1, 2025/02/27, 10:12:09.051, 16973751486164, datacollector.dll, TestPluginCache: Executors2 are ''.
TpTrace Verbose: 0 : 55776, 1, 2025/02/27, 10:12:09.051, 16973751486340, datacollector.dll, TestPluginCache: Setting providers are ''.
TpTrace Verbose: 0 : 55776, 1, 2025/02/27, 10:12:09.051, 16973751486474, datacollector.dll, TestPluginCache: Loggers are ''.
TpTrace Verbose: 0 : 55776, 1, 2025/02/27, 10:12:09.051, 16973751486604, datacollector.dll, TestPluginCache: TestHosts are ''.
TpTrace Verbose: 0 : 55776, 1, 2025/02/27, 10:12:09.051, 16973751487178, datacollector.dll, TestPluginCache: DataCollectors are 'datacollector://microsoft/TestPlatform/Extensions/Blame/v1,datacollector://microsoft/EventLog/2.0'.
TpTrace Information: 0 : 55776, 1, 2025/02/27, 10:12:09.053, 16973751503897, datacollector.dll, TestPluginManager.CreateTestExtension: Attempting to load test extension: Microsoft.TestPlatform.Extensions.BlameDataCollector.BlameCollector
TpTrace Information: 0 : 55776, 1, 2025/02/27, 10:12:09.056, 16973751533333, datacollector.dll, [MonitorPostmortemDump]Monitor enabled: 'False'
TpTrace Verbose: 0 : 55776, 1, 2025/02/27, 10:12:09.056, 16973751539996, datacollector.dll, MulticastDelegateUtilities.SafeInvoke: DataCollectionEvents.SessionStart: Invoking callbacks was skipped because there are no subscribers.
TpTrace Information: 0 : 55776, 1, 2025/02/27, 10:12:09.057, 16973751544210, datacollector.dll, Listening on Endpoint : 127.0.0.1:52818
TpTrace Information: 0 : 55776, 1, 2025/02/27, 10:12:09.061, 16973751589843, datacollector.dll, DataCollectionRequestHandler.ProcessRequests : DataCollection started.
TpTrace Information: 0 : 55776, 1, 2025/02/27, 10:12:09.083, 16973751807681, datacollector.dll, DataCollectionRequestHandler.ProcessRequests: Datacollector received message: (DataCollection.TestHostLaunched) -> {"MessageType":"DataCollection.TestHostLaunched","Payload":{"ProcessId":23212}}
TpTrace Verbose: 0 : 55776, 1, 2025/02/27, 10:12:09.085, 16973751825769, datacollector.dll, MulticastDelegateUtilities.SafeInvoke: DataCollectionEvents.TestHostLaunched: Invoking callback 1/1 for Microsoft.TestPlatform.Extensions.BlameDataCollector.BlameCollector., took 0 ms.
TpTrace Information: 0 : 55776, 6, 2025/02/27, 10:12:09.240, 16973753375306, datacollector.dll, Using the buffer size of 16384 bytes
TpTrace Verbose: 0 : 55776, 8, 2025/02/27, 10:12:09.240, 16973753375683, datacollector.dll, SocketCommunicationManager.WaitForClientConnection took: 180 ms, with 90000 ms timeout, and finished with True.
TpTrace Information: 0 : 55776, 6, 2025/02/27, 10:12:09.240, 16973753377159, datacollector.dll, Accepted Client request and set the flag
TpTrace Information: 0 : 55776, 8, 2025/02/27, 10:12:10.536, 16973766341410, datacollector.dll, DataCollectionTestCaseEventHandler: Test case starting.
TpTrace Information: 0 : 55776, 8, 2025/02/27, 10:12:10.564, 16973766615980, datacollector.dll, AssemblyResolver.OnResolve: System.Private.DataContractSerialization.resources: Resolving assembly.
TpTrace Information: 0 : 55776, 8, 2025/02/27, 10:12:10.564, 16973766617668, datacollector.dll, AssemblyResolver.OnResolve: System.Private.DataContractSerialization.resources: Searching in: 'C:\Program Files\dotnet\sdk\8.0.400\Extensions'.
TpTrace Information: 0 : 55776, 8, 2025/02/27, 10:12:10.564, 16973766618826, datacollector.dll, AssemblyResolver.OnResolve: System.Private.DataContractSerialization.resources: Assembly path does not exist: 'C:\Program Files\dotnet\sdk\8.0.400\Extensions\System.Private.DataContractSerialization.resources.dll', returning.
TpTrace Information: 0 : 55776, 8, 2025/02/27, 10:12:10.564, 16973766619611, datacollector.dll, AssemblyResolver.OnResolve: System.Private.DataContractSerialization.resources: Assembly path does not exist: 'C:\Program Files\dotnet\sdk\8.0.400\Extensions\System.Private.DataContractSerialization.resources.exe', returning.
TpTrace Information: 0 : 55776, 8, 2025/02/27, 10:12:10.564, 16973766619932, datacollector.dll, AssemblyResolver.OnResolve: System.Private.DataContractSerialization.resources: Searching in: 'C:\Program Files\dotnet\sdk\8.0.400'.
TpTrace Information: 0 : 55776, 8, 2025/02/27, 10:12:10.564, 16973766620468, datacollector.dll, AssemblyResolver.OnResolve: System.Private.DataContractSerialization.resources: Assembly path does not exist: 'C:\Program Files\dotnet\sdk\8.0.400\System.Private.DataContractSerialization.resources.dll', returning.
TpTrace Information: 0 : 55776, 8, 2025/02/27, 10:12:10.564, 16973766620904, datacollector.dll, AssemblyResolver.OnResolve: System.Private.DataContractSerialization.resources: Assembly path does not exist: 'C:\Program Files\dotnet\sdk\8.0.400\System.Private.DataContractSerialization.resources.exe', returning.
TpTrace Information: 0 : 55776, 8, 2025/02/27, 10:12:10.564, 16973766621137, datacollector.dll, AssemblyResolver.OnResolve: System.Private.DataContractSerialization.resources: Failed to load assembly.
TpTrace Information: 0 : 55776, 8, 2025/02/27, 10:12:10.565, 16973766622887, datacollector.dll, AssemblyResolver.OnResolve: System.Private.DataContractSerialization.resources: Resolving assembly.
TpTrace Information: 0 : 55776, 8, 2025/02/27, 10:12:10.565, 16973766623370, datacollector.dll, AssemblyResolver.OnResolve: System.Private.DataContractSerialization.resources: Resolved from cache.
TpTrace Information: 0 : 55776, 8, 2025/02/27, 10:12:10.571, 16973766685062, datacollector.dll, BlameCollector.EventsTestCaseStart: Test Case Start
TpTrace Verbose: 0 : 55776, 8, 2025/02/27, 10:12:10.571, 16973766687716, datacollector.dll, MulticastDelegateUtilities.SafeInvoke: DataCollectionEvents.TestCaseStart: Invoking callback 1/1 for Microsoft.TestPlatform.Extensions.BlameDataCollector.BlameCollector., took 0 ms.
TpTrace Information: 0 : 55776, 8, 2025/02/27, 10:12:10.571, 16973766690564, datacollector.dll, DataCollectionTestCaseEventHandler: Test case 'MovimentacaoRequestCommand Valido - 317016c8-c8e1-d34b-8661-d802aa19d00e' started.
TpTrace Information: 0 : 55776, 8, 2025/02/27, 10:12:10.821, 16973769188572, datacollector.dll, DataCollectionTestCaseEventHandler: Test case starting.
TpTrace Information: 0 : 55776, 8, 2025/02/27, 10:12:10.823, 16973769211051, datacollector.dll, BlameCollector.EventsTestCaseStart: Test Case Start
TpTrace Verbose: 0 : 55776, 8, 2025/02/27, 10:12:10.824, 16973769212546, datacollector.dll, MulticastDelegateUtilities.SafeInvoke: DataCollectionEvents.TestCaseStart: Invoking callback 1/1 for Microsoft.TestPlatform.Extensions.BlameDataCollector.BlameCollector., took 0 ms.
TpTrace Information: 0 : 55776, 8, 2025/02/27, 10:12:10.824, 16973769214951, datacollector.dll, DataCollectionTestCaseEventHandler: Test case 'MovimentacaoRequestCommand Valido - 35fbb35a-3fca-a598-fa7f-fe445c960c6a' started.
TpTrace Information: 0 : 55776, 8, 2025/02/27, 10:12:10.825, 16973769222349, datacollector.dll, DataCollectionTestCaseEventHandler: Test case starting.
TpTrace Information: 0 : 55776, 8, 2025/02/27, 10:12:10.825, 16973769230435, datacollector.dll, BlameCollector.EventsTestCaseStart: Test Case Start
TpTrace Verbose: 0 : 55776, 8, 2025/02/27, 10:12:10.825, 16973769231168, datacollector.dll, MulticastDelegateUtilities.SafeInvoke: DataCollectionEvents.TestCaseStart: Invoking callback 1/1 for Microsoft.TestPlatform.Extensions.BlameDataCollector.BlameCollector., took 0 ms.
TpTrace Information: 0 : 55776, 8, 2025/02/27, 10:12:10.826, 16973769232409, datacollector.dll, DataCollectionTestCaseEventHandler: Test case 'Idempotencia Valido - f01b1df1-bac2-86a6-cff5-599c933e2a6b' started.
TpTrace Information: 0 : 55776, 8, 2025/02/27, 10:12:10.826, 16973769237412, datacollector.dll, DataCollectionTestCaseEventHandler: Test case starting.
TpTrace Information: 0 : 55776, 8, 2025/02/27, 10:12:10.827, 16973769243301, datacollector.dll, BlameCollector.EventsTestCaseStart: Test Case Start
TpTrace Verbose: 0 : 55776, 8, 2025/02/27, 10:12:10.827, 16973769244016, datacollector.dll, MulticastDelegateUtilities.SafeInvoke: DataCollectionEvents.TestCaseStart: Invoking callback 1/1 for Microsoft.TestPlatform.Extensions.BlameDataCollector.BlameCollector., took 0 ms.
TpTrace Information: 0 : 55776, 8, 2025/02/27, 10:12:10.827, 16973769245275, datacollector.dll, DataCollectionTestCaseEventHandler: Test case 'SaldoContaCorreteHandler Valido - b19b04d4-f434-eba3-b064-ad19726b7b99' started.
TpTrace Information: 0 : 55776, 8, 2025/02/27, 10:12:10.827, 16973769251097, datacollector.dll, DataCollectionTestCaseEventHandler: Test case starting.
TpTrace Information: 0 : 55776, 8, 2025/02/27, 10:12:10.828, 16973769256964, datacollector.dll, BlameCollector.EventsTestCaseStart: Test Case Start
TpTrace Verbose: 0 : 55776, 8, 2025/02/27, 10:12:10.828, 16973769257560, datacollector.dll, MulticastDelegateUtilities.SafeInvoke: DataCollectionEvents.TestCaseStart: Invoking callback 1/1 for Microsoft.TestPlatform.Extensions.BlameDataCollector.BlameCollector., took 0 ms.
TpTrace Information: 0 : 55776, 8, 2025/02/27, 10:12:10.828, 16973769258829, datacollector.dll, DataCollectionTestCaseEventHandler: Test case 'MovimentacaoHandler Valido - c39b85f3-c2ba-0a50-db0a-3336918a713d' started.
TpTrace Information: 0 : 55776, 8, 2025/02/27, 10:12:10.833, 16973769308780, datacollector.dll, DataCollectionTestCaseEventHandler: Test case completing.
TpTrace Information: 0 : 55776, 8, 2025/02/27, 10:12:10.838, 16973769352277, datacollector.dll, BlameCollector.EventsTestCaseEnd: Test Case End
TpTrace Verbose: 0 : 55776, 8, 2025/02/27, 10:12:10.838, 16973769355960, datacollector.dll, MulticastDelegateUtilities.SafeInvoke: DataCollectionEvents.TestCaseEnd: Invoking callback 1/1 for Microsoft.TestPlatform.Extensions.BlameDataCollector.BlameCollector., took 0 ms.
TpTrace Information: 0 : 55776, 8, 2025/02/27, 10:12:10.840, 16973769377324, datacollector.dll, DataCollectionTestCaseEventHandler: Test case 'MovimentacaoRequestCommand Valido - 317016c8-c8e1-d34b-8661-d802aa19d00e' completed
TpTrace Information: 0 : 55776, 8, 2025/02/27, 10:12:10.852, 16973769499521, datacollector.dll, DataCollectionTestCaseEventHandler: Test case completing.
TpTrace Information: 0 : 55776, 8, 2025/02/27, 10:12:10.854, 16973769516027, datacollector.dll, BlameCollector.EventsTestCaseEnd: Test Case End
TpTrace Verbose: 0 : 55776, 8, 2025/02/27, 10:12:10.854, 16973769518052, datacollector.dll, MulticastDelegateUtilities.SafeInvoke: DataCollectionEvents.TestCaseEnd: Invoking callback 1/1 for Microsoft.TestPlatform.Extensions.BlameDataCollector.BlameCollector., took 0 ms.
TpTrace Information: 0 : 55776, 8, 2025/02/27, 10:12:10.855, 16973769522044, datacollector.dll, DataCollectionTestCaseEventHandler: Test case 'Idempotencia Valido - f01b1df1-bac2-86a6-cff5-599c933e2a6b' completed
TpTrace Information: 0 : 55776, 8, 2025/02/27, 10:12:10.856, 16973769536146, datacollector.dll, DataCollectionTestCaseEventHandler: Test case completing.
TpTrace Information: 0 : 55776, 8, 2025/02/27, 10:12:10.857, 16973769546896, datacollector.dll, BlameCollector.EventsTestCaseEnd: Test Case End
TpTrace Verbose: 0 : 55776, 8, 2025/02/27, 10:12:10.857, 16973769547928, datacollector.dll, MulticastDelegateUtilities.SafeInvoke: DataCollectionEvents.TestCaseEnd: Invoking callback 1/1 for Microsoft.TestPlatform.Extensions.BlameDataCollector.BlameCollector., took 0 ms.
TpTrace Information: 0 : 55776, 8, 2025/02/27, 10:12:10.857, 16973769550280, datacollector.dll, DataCollectionTestCaseEventHandler: Test case 'MovimentacaoRequestCommand Valido - 35fbb35a-3fca-a598-fa7f-fe445c960c6a' completed
TpTrace Information: 0 : 55776, 8, 2025/02/27, 10:12:10.878, 16973769759309, datacollector.dll, DataCollectionTestCaseEventHandler: Test case completing.
TpTrace Information: 0 : 55776, 8, 2025/02/27, 10:12:10.879, 16973769765737, datacollector.dll, BlameCollector.EventsTestCaseEnd: Test Case End
TpTrace Verbose: 0 : 55776, 8, 2025/02/27, 10:12:10.879, 16973769766283, datacollector.dll, MulticastDelegateUtilities.SafeInvoke: DataCollectionEvents.TestCaseEnd: Invoking callback 1/1 for Microsoft.TestPlatform.Extensions.BlameDataCollector.BlameCollector., took 0 ms.
TpTrace Information: 0 : 55776, 8, 2025/02/27, 10:12:10.879, 16973769767582, datacollector.dll, DataCollectionTestCaseEventHandler: Test case 'MovimentacaoHandler Valido - c39b85f3-c2ba-0a50-db0a-3336918a713d' completed
TpTrace Information: 0 : 55776, 8, 2025/02/27, 10:12:10.880, 16973769774472, datacollector.dll, DataCollectionTestCaseEventHandler: Test case completing.
TpTrace Information: 0 : 55776, 8, 2025/02/27, 10:12:10.880, 16973769779549, datacollector.dll, BlameCollector.EventsTestCaseEnd: Test Case End
TpTrace Verbose: 0 : 55776, 8, 2025/02/27, 10:12:10.880, 16973769779938, datacollector.dll, MulticastDelegateUtilities.SafeInvoke: DataCollectionEvents.TestCaseEnd: Invoking callback 1/1 for Microsoft.TestPlatform.Extensions.BlameDataCollector.BlameCollector., took 0 ms.
TpTrace Information: 0 : 55776, 8, 2025/02/27, 10:12:10.880, 16973769780845, datacollector.dll, DataCollectionTestCaseEventHandler: Test case 'SaldoContaCorreteHandler Valido - b19b04d4-f434-eba3-b064-ad19726b7b99' completed
TpTrace Information: 0 : 55776, 8, 2025/02/27, 10:12:10.888, 16973769853015, datacollector.dll, DataCollectionTestCaseEventHandler: Test session ended
TpTrace Information: 0 : 55776, 1, 2025/02/27, 10:12:10.966, 16973770636854, datacollector.dll, DataCollectionRequestHandler.ProcessRequests: Datacollector received message: (DataCollection.AfterTestRunEnd) -> {"MessageType":"DataCollection.AfterTestRunEnd","Payload":false}
TpTrace Information: 0 : 55776, 1, 2025/02/27, 10:12:10.967, 16973770648311, datacollector.dll, Blame Collector: Session End
TpTrace Information: 0 : 55776, 1, 2025/02/27, 10:12:10.967, 16973770649688, datacollector.dll, BlameCollector.CollectDumpAndAbortTesthost: Custom path to dump directory was provided via VSTEST_DUMP_PATH. Skipping attachment upload, the caller is responsible for collecting and uploading the dumps themselves.
TpTrace Verbose: 0 : 55776, 1, 2025/02/27, 10:12:10.967, 16973770650676, datacollector.dll, MulticastDelegateUtilities.SafeInvoke: DataCollectionEvents.SessionEnd: Invoking callback 1/1 for Microsoft.TestPlatform.Extensions.BlameDataCollector.BlameCollector., took 0 ms.
TpTrace Information: 0 : 55776, 1, 2025/02/27, 10:12:10.968, 16973770657677, datacollector.dll, DataCollectionManager.CleanupPlugins: CleanupPlugins called
TpTrace Verbose: 0 : 55776, 1, 2025/02/27, 10:12:10.968, 16973770658536, datacollector.dll, DataCollectionManager.CleanupPlugins: Cleaning up 1 plugins
TpTrace Verbose: 0 : 55776, 1, 2025/02/27, 10:12:10.968, 16973770659434, datacollector.dll, dataCollectorInfo.DisposeDataCollector: calling Dispose() on Microsoft.TestPlatform.Extensions.BlameDataCollector.BlameCollector
TpTrace Information: 0 : 55776, 1, 2025/02/27, 10:12:10.968, 16973770659923, datacollector.dll, DataCollectionManager.CleanupPlugins: CleanupPlugins finished
TpTrace Information: 0 : 55776, 1, 2025/02/27, 10:12:10.976, 16973770738660, datacollector.dll, DataCollectionRequestHandler.ProcessRequests : Session End message received from server. Closing the connection.
TpTrace Information: 0 : 55776, 1, 2025/02/27, 10:12:10.977, 16973770746691, datacollector.dll, Closing the connection !
TpTrace Information: 0 : 55776, 1, 2025/02/27, 10:12:10.977, 16973770747466, datacollector.dll, DataCollectionRequestHandler.ProcessRequests : DataCollection completed
TpTrace Information: 0 : 55776, 1, 2025/02/27, 10:12:10.977, 16973770747765, datacollector.dll, Program.Main: exiting datacollector process.
