TpTrace Verbose: 0 : 12120, 1, 2025/02/08, 14:03:56.505, 697231709514, testhost.dll, Version: 17.4.0-preview-20220726-02 Current process architecture: X64
TpTrace Verbose: 0 : 12120, 1, 2025/02/08, 14:03:56.507, 697231730247, testhost.dll, Runtime location: C:\Program Files\dotnet\shared\Microsoft.NETCore.App\6.0.33
TpTrace Information: 0 : 12120, 1, 2025/02/08, 14:03:56.509, 697231751251, testhost.dll, DefaultEngineInvoker.Invoke: Testhost process started with args :[--port, 59972],[--endpoint, 127.0.0.1:059972],[--role, client],[--parentprocessid, 30380],[--diag, C:\Users\Premiersoft\Documents\ARQ\Alberto\Teste\OneDrive_1_04-02-2025\Questao5\bin\Debug\net6.0\fine-code-coverage\coverage-tool-output\diagnostics.host.25-02-08_14-03-56_36487_5.log],[--tracelevel, 4],[--datacollectionport, 59971],[--telemetryoptedin, false]
TpTrace Information: 0 : 12120, 1, 2025/02/08, 14:03:56.511, 697231766891, testhost.dll, Setting up debug trace listener.
TpTrace Verbose: 0 : 12120, 1, 2025/02/08, 14:03:56.511, 697231768353, testhost.dll, TestPlatformTraceListener.Setup: Replacing listener System.Diagnostics.DefaultTraceListener with TestHostTraceListener.
TpTrace Verbose: 0 : 12120, 1, 2025/02/08, 14:03:56.511, 697231768610, testhost.dll, TestPlatformTraceListener.Setup: Added test platform trace listener.
TpTrace Information: 0 : 12120, 1, 2025/02/08, 14:03:56.511, 697231773246, testhost.dll, DefaultEngineInvoker.SetParentProcessExitCallback: Monitoring parent process with id: '30380'
TpTrace Information: 0 : 12120, 1, 2025/02/08, 14:03:56.515, 697231809702, testhost.dll, DefaultEngineInvoker.GetConnectionInfo: Initialize communication on endpoint address: '127.0.0.1:059972'
TpTrace Information: 0 : 12120, 1, 2025/02/08, 14:03:56.523, 697231894199, testhost.dll, SocketClient.Start: connecting to server endpoint: 127.0.0.1:059972
TpTrace Information: 0 : 12120, 1, 2025/02/08, 14:03:56.529, 697231953263, testhost.dll, DefaultEngineInvoker.ConnectToDatacollector: Connecting to datacollector, port: 59971
TpTrace Information: 0 : 12120, 10, 2025/02/08, 14:03:56.530, 697231963424, testhost.dll, SocketClient.OnServerConnected: connected to server endpoint: 127.0.0.1:059972
TpTrace Information: 0 : 12120, 1, 2025/02/08, 14:03:56.532, 697231982720, testhost.dll, Trying to connect to server on socket : 127.0.0.1:59971 
TpTrace Verbose: 0 : 12120, 1, 2025/02/08, 14:03:56.533, 697231985449, testhost.dll, SocketCommunicationManager : SetupClientAsync : Attempting to connect to the server.
TpTrace Verbose: 0 : 12120, 10, 2025/02/08, 14:03:56.533, 697231990063, testhost.dll, MulticastDelegateUtilities.SafeInvoke: SocketClient: ServerConnected: Invoking callback 1/1 for Microsoft.VisualStudio.TestPlatform.CommunicationUtilities.TestRequestHandler.<InitializeCommunication>b__32_0, took 0 ms.
TpTrace Verbose: 0 : 12120, 10, 2025/02/08, 14:03:56.533, 697231990747, testhost.dll, Connected to server, and starting MessageLoopAsync
TpTrace Information: 0 : 12120, 9, 2025/02/08, 14:03:56.534, 697231996532, testhost.dll, Connected to the server successfully 
TpTrace Information: 0 : 12120, 9, 2025/02/08, 14:03:56.534, 697231997197, testhost.dll, Using the buffer size of 16384 bytes
TpTrace Verbose: 0 : 12120, 1, 2025/02/08, 14:03:56.534, 697231999070, testhost.dll, SocketCommunicationManager.WaitForServerConnection took: 0 ms, with 90000 ms timeout, and finished with True.
TpTrace Information: 0 : 12120, 1, 2025/02/08, 14:03:56.534, 697231999943, testhost.dll, DefaultEngineInvoker.Invoke: Start Request Processing.
TpTrace Information: 0 : 12120, 13, 2025/02/08, 14:03:56.535, 697232005342, testhost.dll, DefaultEngineInvoker.StartProcessingAsync: Connected to vstest.console, Starting process requests.
TpTrace Verbose: 0 : 12120, 11, 2025/02/08, 14:03:56.536, 697232018005, testhost.dll, TcpClientExtensions.MessageLoopAsync: Polling on remoteEndPoint: [::ffff:127.0.0.1]:59972 localEndPoint: [::ffff:127.0.0.1]:59973
TpTrace Verbose: 0 : 12120, 11, 2025/02/08, 14:03:56.536, 697232020187, testhost.dll, TcpClientExtensions.MessageLoopAsync: NotifyDataAvailable remoteEndPoint: [::ffff:127.0.0.1]:59972 localEndPoint: [::ffff:127.0.0.1]:59973
TpTrace Information: 0 : 12120, 11, 2025/02/08, 14:03:56.538, 697232043181, testhost.dll, TestRequestHandler.OnMessageReceived: received message: (ProtocolVersion) -> {"MessageType":"ProtocolVersion","Payload":7}
TpTrace Verbose: 0 : 12120, 11, 2025/02/08, 14:03:56.655, 697233206616, testhost.dll, TestRequestHandler.SendData: sending data from testhost: {"Version":7,"MessageType":"TestSession.Message","Payload":{"MessageLevel":0,"Message":"Registro em log do diagnóstico TestHost no arquivo: C:\\Users\\Premiersoft\\Documents\\ARQ\\Alberto\\Teste\\OneDrive_1_04-02-2025\\Questao5\\bin\\Debug\\net6.0\\fine-code-coverage\\coverage-tool-output\\diagnostics.host.25-02-08_14-03-56_36487_5.log"}}
TpTrace Verbose: 0 : 12120, 11, 2025/02/08, 14:03:56.655, 697233209225, testhost.dll, MulticastDelegateUtilities.SafeInvoke: LengthPrefixCommunicationChannel: MessageReceived: Invoking callback 1/1 for Microsoft.VisualStudio.TestPlatform.CommunicationUtilities.TestRequestHandler.OnMessageReceived, took 118 ms.
TpTrace Verbose: 0 : 12120, 11, 2025/02/08, 14:03:56.655, 697233209856, testhost.dll, TcpClientExtensions.MessageLoopAsync: Polling on remoteEndPoint: [::ffff:127.0.0.1]:59972 localEndPoint: [::ffff:127.0.0.1]:59973
TpTrace Verbose: 0 : 12120, 11, 2025/02/08, 14:03:56.655, 697233210258, testhost.dll, TcpClientExtensions.MessageLoopAsync: NotifyDataAvailable remoteEndPoint: [::ffff:127.0.0.1]:59972 localEndPoint: [::ffff:127.0.0.1]:59973
TpTrace Information: 0 : 12120, 11, 2025/02/08, 14:03:56.655, 697233211052, testhost.dll, TestRequestHandler.OnMessageReceived: received message: (TestExecution.Initialize) -> {"Version":7,"MessageType":"TestExecution.Initialize","Payload":["C:\\Users\\Premiersoft\\Documents\\ARQ\\Alberto\\Teste\\OneDrive_1_04-02-2025\\Questao5\\bin\\Debug\\net6.0\\fine-code-coverage\\build-output\\xunit.runner.visualstudio.dotnetcore.testadapter.dll"]}
TpTrace Verbose: 0 : 12120, 11, 2025/02/08, 14:03:56.664, 697233300917, testhost.dll, MulticastDelegateUtilities.SafeInvoke: LengthPrefixCommunicationChannel: MessageReceived: Invoking callback 1/1 for Microsoft.VisualStudio.TestPlatform.CommunicationUtilities.TestRequestHandler.OnMessageReceived, took 8 ms.
TpTrace Verbose: 0 : 12120, 11, 2025/02/08, 14:03:56.664, 697233301968, testhost.dll, TcpClientExtensions.MessageLoopAsync: Polling on remoteEndPoint: [::ffff:127.0.0.1]:59972 localEndPoint: [::ffff:127.0.0.1]:59973
TpTrace Verbose: 0 : 12120, 11, 2025/02/08, 14:03:56.664, 697233302302, testhost.dll, TcpClientExtensions.MessageLoopAsync: NotifyDataAvailable remoteEndPoint: [::ffff:127.0.0.1]:59972 localEndPoint: [::ffff:127.0.0.1]:59973
TpTrace Information: 0 : 12120, 11, 2025/02/08, 14:03:56.664, 697233303090, testhost.dll, TestRequestHandler.OnMessageReceived: received message: (TestExecution.StartWithSources) -> {"Version":7,"MessageType":"TestExecution.StartWithSources","Payload":{"AdapterSourceMap":{"_none_":["C:\\Users\\Premiersoft\\Documents\\ARQ\\Alberto\\Teste\\OneDrive_1_04-02-2025\\Questao5\\bin\\Debug\\net6.0\\fine-code-coverage\\build-output\\Questao5.dll"]},"RunSettings":"<RunSettings>\r\n  <RunConfiguration>\r\n    <ResultsDirectory>C:\\Users\\Premiersoft\\Documents\\ARQ\\Alberto\\Teste\\OneDrive_1_04-02-2025\\Questao5\\bin\\Debug\\net6.0\\fine-code-coverage\\coverage-tool-output</ResultsDirectory>\r\n    <TargetFrameworkVersion>.NETCoreApp,Version=v6.0</TargetFrameworkVersion>\r\n    <DesignMode>False</DesignMode>\r\n    <CollectSourceInformation>False</CollectSourceInformation>\r\n  </RunConfiguration>\r\n  <LoggerRunSettings>\r\n    <Loggers>\r\n      <Logger friendlyName=\"blame\" enabled=\"True\" />\r\n      <Logger friendlyName=\"Console\" uri=\"logger://microsoft/TestPlatform/ConsoleLogger/v1\" assemblyQualifiedName=\"Microsoft.VisualStudio.TestPlatform.CommandLine.Internal.ConsoleLogger, vstest.console, Version=15.0.0.0, Culture=neutral, PublicKeyToken=b03f5f7f11d50a3a\" codeBase=\"C:\\Program Files\\dotnet\\sdk\\8.0.400\\vstest.console.dll\" enabled=\"True\" />\r\n    </Loggers>\r\n  </LoggerRunSettings>\r\n  <DataCollectionRunSettings>\r\n    <DataCollectors>\r\n      <DataCollector friendlyName=\"blame\" enabled=\"True\">\r\n        <Configuration>\r\n          <ResultsDirectory>C:\\Users\\Premiersoft\\Documents\\ARQ\\Alberto\\Teste\\OneDrive_1_04-02-2025\\Questao5\\bin\\Debug\\net6.0\\fine-code-coverage\\coverage-tool-output</ResultsDirectory>\r\n        </Configuration>\r\n      </DataCollector>\r\n    </DataCollectors>\r\n  </DataCollectionRunSettings>\r\n</RunSettings>","TestExecutionContext":{"FrequencyOfRunStatsChangeEvent":10,"RunStatsChangeEventTimeout":"00:00:01.5000000","InIsolation":false,"KeepAlive":false,"AreTestCaseLevelEventsRequired":false,"IsDebug":false,"TestCaseFilter":null,"FilterOptions":null},"Package":null}}
TpTrace Information: 0 : 12120, 4, 2025/02/08, 14:03:56.665, 697233304624, testhost.dll, TestRequestHandler.OnMessageReceived: Running job 'TestExecution.Initialize'.
TpTrace Verbose: 0 : 12120, 4, 2025/02/08, 14:03:56.666, 697233321289, testhost.dll, TestExecutorService: Loading the extensions
TpTrace Verbose: 0 : 12120, 4, 2025/02/08, 14:03:56.668, 697233337012, testhost.dll, TestPluginCache.DiscoverTestExtensions: finding test extensions in assemblies ends with: TestAdapter.dll TPluginInfo: Microsoft.VisualStudio.TestPlatform.Common.ExtensionFramework.Utilities.TestExecutorPluginInformation TExtension: Microsoft.VisualStudio.TestPlatform.ObjectModel.Adapter.ITestExecutor
TpTrace Verbose: 0 : 12120, 4, 2025/02/08, 14:03:56.669, 697233344740, testhost.dll, TestPluginCache.GetExtensionPaths: Filtered extension paths: 
TpTrace Verbose: 0 : 12120, 4, 2025/02/08, 14:03:56.669, 697233347364, testhost.dll, TestPluginCache.GetExtensionPaths: Added default extension paths: C:\Users\Premiersoft\Documents\ARQ\Alberto\Teste\OneDrive_1_04-02-2025\Questao5\bin\Debug\net6.0\fine-code-coverage\build-output\xunit.runner.visualstudio.dotnetcore.testadapter.dll
TpTrace Verbose: 0 : 12120, 4, 2025/02/08, 14:03:56.669, 697233347655, testhost.dll, TestPluginCache.GetExtensionPaths: Added unfilterableExtensionPaths: 
TpTrace Information: 0 : 12120, 4, 2025/02/08, 14:03:56.670, 697233357913, testhost.dll, AssemblyResolver.ctor: Creating AssemblyResolver with searchDirectories C:\Users\Premiersoft\Documents\ARQ\Alberto\Teste\OneDrive_1_04-02-2025\Questao5\bin\Debug\net6.0\fine-code-coverage\build-output
TpTrace Verbose: 0 : 12120, 4, 2025/02/08, 14:03:56.671, 697233372732, testhost.dll, TestPluginCache.DiscoverTestExtensions: Discovering the extensions using extension path.
TpTrace Verbose: 0 : 12120, 4, 2025/02/08, 14:03:56.671, 697233373900, testhost.dll, TestPluginCache.GetExtensionPaths: Filtered extension paths: 
TpTrace Verbose: 0 : 12120, 4, 2025/02/08, 14:03:56.671, 697233374146, testhost.dll, TestPluginCache.GetExtensionPaths: Added default extension paths: C:\Users\Premiersoft\Documents\ARQ\Alberto\Teste\OneDrive_1_04-02-2025\Questao5\bin\Debug\net6.0\fine-code-coverage\build-output\xunit.runner.visualstudio.dotnetcore.testadapter.dll
TpTrace Verbose: 0 : 12120, 4, 2025/02/08, 14:03:56.672, 697233374358, testhost.dll, TestPluginCache.GetExtensionPaths: Added unfilterableExtensionPaths: 
TpTrace Verbose: 0 : 12120, 4, 2025/02/08, 14:03:56.672, 697233374712, testhost.dll, TestPluginCache.DiscoverTestExtensions: Discovering the extensions using allExtensionPaths: C:\Users\Premiersoft\Documents\ARQ\Alberto\Teste\OneDrive_1_04-02-2025\Questao5\bin\Debug\net6.0\fine-code-coverage\build-output\xunit.runner.visualstudio.dotnetcore.testadapter.dll
TpTrace Information: 0 : 12120, 4, 2025/02/08, 14:03:56.672, 697233381228, testhost.dll, AssemblyResolver.AddSearchDirectories: Adding more searchDirectories C:\Users\Premiersoft\Documents\ARQ\Alberto\Teste\OneDrive_1_04-02-2025\Questao5\bin\Debug\net6.0\fine-code-coverage\build-output
TpTrace Information: 0 : 12120, 4, 2025/02/08, 14:03:56.676, 697233423083, testhost.dll, AssemblyResolver.OnResolve: xunit.runner.visualstudio.dotnetcore.testadapter: Resolving assembly.
TpTrace Information: 0 : 12120, 4, 2025/02/08, 14:03:56.676, 697233424341, testhost.dll, AssemblyResolver.OnResolve: xunit.runner.visualstudio.dotnetcore.testadapter: Searching in: 'C:\Users\Premiersoft\Documents\ARQ\Alberto\Teste\OneDrive_1_04-02-2025\Questao5\bin\Debug\net6.0\fine-code-coverage\build-output'.
TpTrace Information: 0 : 12120, 4, 2025/02/08, 14:03:56.677, 697233434310, testhost.dll, AssemblyResolver.OnResolve: xunit.runner.visualstudio.dotnetcore.testadapter: Loading assembly 'C:\Users\Premiersoft\Documents\ARQ\Alberto\Teste\OneDrive_1_04-02-2025\Questao5\bin\Debug\net6.0\fine-code-coverage\build-output\xunit.runner.visualstudio.dotnetcore.testadapter.dll'.
TpTrace Information: 0 : 12120, 4, 2025/02/08, 14:03:56.679, 697233446100, testhost.dll, AssemblyResolver.OnResolve: Resolved assembly: xunit.runner.visualstudio.dotnetcore.testadapter, from path: C:\Users\Premiersoft\Documents\ARQ\Alberto\Teste\OneDrive_1_04-02-2025\Questao5\bin\Debug\net6.0\fine-code-coverage\build-output\xunit.runner.visualstudio.dotnetcore.testadapter.dll
TpTrace Verbose: 0 : 12120, 11, 2025/02/08, 14:03:56.698, 697233635287, testhost.dll, MulticastDelegateUtilities.SafeInvoke: LengthPrefixCommunicationChannel: MessageReceived: Invoking callback 1/1 for Microsoft.VisualStudio.TestPlatform.CommunicationUtilities.TestRequestHandler.OnMessageReceived, took 33 ms.
TpTrace Verbose: 0 : 12120, 11, 2025/02/08, 14:03:56.698, 697233636697, testhost.dll, TcpClientExtensions.MessageLoopAsync: Polling on remoteEndPoint: [::ffff:127.0.0.1]:59972 localEndPoint: [::ffff:127.0.0.1]:59973
TpTrace Verbose: 0 : 12120, 4, 2025/02/08, 14:03:56.702, 697233679200, testhost.dll, MetadataReaderExtensionsHelper: Discovering extensions inside assembly 'xunit.runner.visualstudio.dotnetcore.testadapter, Version=2.4.0.0, Culture=neutral, PublicKeyToken=8d05b1bb7a6fdb6c' file path 'C:\Users\Premiersoft\Documents\ARQ\Alberto\Teste\OneDrive_1_04-02-2025\Questao5\bin\Debug\net6.0\fine-code-coverage\build-output\xunit.runner.visualstudio.dotnetcore.testadapter.dll'
TpTrace Information: 0 : 12120, 4, 2025/02/08, 14:03:56.711, 697233764802, testhost.dll, AssemblyResolver.OnResolve: xunit.runner.utility.netcoreapp10: Resolving assembly.
TpTrace Information: 0 : 12120, 4, 2025/02/08, 14:03:56.711, 697233766234, testhost.dll, AssemblyResolver.OnResolve: xunit.runner.utility.netcoreapp10: Searching in: 'C:\Users\Premiersoft\Documents\ARQ\Alberto\Teste\OneDrive_1_04-02-2025\Questao5\bin\Debug\net6.0\fine-code-coverage\build-output'.
TpTrace Information: 0 : 12120, 4, 2025/02/08, 14:03:56.711, 697233769216, testhost.dll, AssemblyResolver.OnResolve: xunit.runner.utility.netcoreapp10: Loading assembly 'C:\Users\Premiersoft\Documents\ARQ\Alberto\Teste\OneDrive_1_04-02-2025\Questao5\bin\Debug\net6.0\fine-code-coverage\build-output\xunit.runner.utility.netcoreapp10.dll'.
TpTrace Information: 0 : 12120, 4, 2025/02/08, 14:03:56.712, 697233775255, testhost.dll, AssemblyResolver.OnResolve: Resolved assembly: xunit.runner.utility.netcoreapp10, from path: C:\Users\Premiersoft\Documents\ARQ\Alberto\Teste\OneDrive_1_04-02-2025\Questao5\bin\Debug\net6.0\fine-code-coverage\build-output\xunit.runner.utility.netcoreapp10.dll
TpTrace Information: 0 : 12120, 4, 2025/02/08, 14:03:56.715, 697233807338, testhost.dll, GetTestExtensionFromType: Register extension with identifier data 'executor://xunit/VsTestRunner2/netcoreapp' and type 'Xunit.Runner.VisualStudio.VsTestRunner, xunit.runner.visualstudio.dotnetcore.testadapter, Version=2.4.0.0, Culture=neutral, PublicKeyToken=8d05b1bb7a6fdb6c' inside file 'C:\Users\Premiersoft\Documents\ARQ\Alberto\Teste\OneDrive_1_04-02-2025\Questao5\bin\Debug\net6.0\fine-code-coverage\build-output\xunit.runner.visualstudio.dotnetcore.testadapter.dll'
TpTrace Verbose: 0 : 12120, 4, 2025/02/08, 14:03:56.718, 697233834855, testhost.dll, TestPluginCache: Discovered the extensions using extension path ''.
TpTrace Verbose: 0 : 12120, 4, 2025/02/08, 14:03:56.718, 697233839675, testhost.dll, TestPluginCache: Discoverers are ''.
TpTrace Verbose: 0 : 12120, 4, 2025/02/08, 14:03:56.718, 697233840368, testhost.dll, TestPluginCache: Executors are 'executor://xunit/VsTestRunner2/netcoreapp'.
TpTrace Verbose: 0 : 12120, 4, 2025/02/08, 14:03:56.718, 697233841467, testhost.dll, TestPluginCache: Executors2 are ''.
TpTrace Verbose: 0 : 12120, 4, 2025/02/08, 14:03:56.718, 697233842084, testhost.dll, TestPluginCache: Setting providers are ''.
TpTrace Verbose: 0 : 12120, 4, 2025/02/08, 14:03:56.718, 697233842414, testhost.dll, TestPluginCache: Loggers are ''.
TpTrace Verbose: 0 : 12120, 4, 2025/02/08, 14:03:56.718, 697233842772, testhost.dll, TestPluginCache: TestHosts are ''.
TpTrace Verbose: 0 : 12120, 4, 2025/02/08, 14:03:56.718, 697233843052, testhost.dll, TestPluginCache: DataCollectors are ''.
TpTrace Verbose: 0 : 12120, 4, 2025/02/08, 14:03:56.721, 697233871489, testhost.dll, TestPluginCache.DiscoverTestExtensions: finding test extensions in assemblies ends with: TestAdapter.dll TPluginInfo: Microsoft.VisualStudio.TestPlatform.Common.ExtensionFramework.Utilities.TestExecutorPluginInformation2 TExtension: Microsoft.VisualStudio.TestPlatform.ObjectModel.Adapter.ITestExecutor2
TpTrace Verbose: 0 : 12120, 4, 2025/02/08, 14:03:56.722, 697233875071, testhost.dll, TestPluginCache.GetExtensionPaths: Filtered extension paths: 
TpTrace Verbose: 0 : 12120, 4, 2025/02/08, 14:03:56.722, 697233875700, testhost.dll, TestPluginCache.GetExtensionPaths: Added default extension paths: C:\Users\Premiersoft\Documents\ARQ\Alberto\Teste\OneDrive_1_04-02-2025\Questao5\bin\Debug\net6.0\fine-code-coverage\build-output\xunit.runner.visualstudio.dotnetcore.testadapter.dll
TpTrace Verbose: 0 : 12120, 4, 2025/02/08, 14:03:56.722, 697233875949, testhost.dll, TestPluginCache.GetExtensionPaths: Added unfilterableExtensionPaths: 
TpTrace Information: 0 : 12120, 4, 2025/02/08, 14:03:56.722, 697233878193, testhost.dll, AssemblyResolver.AddSearchDirectories: Adding more searchDirectories C:\Users\Premiersoft\Documents\ARQ\Alberto\Teste\OneDrive_1_04-02-2025\Questao5\bin\Debug\net6.0\fine-code-coverage\build-output
TpTrace Verbose: 0 : 12120, 4, 2025/02/08, 14:03:56.722, 697233878853, testhost.dll, TestPluginCache.DiscoverTestExtensions: Discovering the extensions using extension path.
TpTrace Verbose: 0 : 12120, 4, 2025/02/08, 14:03:56.722, 697233879118, testhost.dll, TestPluginCache.GetExtensionPaths: Filtered extension paths: 
TpTrace Verbose: 0 : 12120, 4, 2025/02/08, 14:03:56.722, 697233879282, testhost.dll, TestPluginCache.GetExtensionPaths: Added default extension paths: C:\Users\Premiersoft\Documents\ARQ\Alberto\Teste\OneDrive_1_04-02-2025\Questao5\bin\Debug\net6.0\fine-code-coverage\build-output\xunit.runner.visualstudio.dotnetcore.testadapter.dll
TpTrace Verbose: 0 : 12120, 4, 2025/02/08, 14:03:56.722, 697233879440, testhost.dll, TestPluginCache.GetExtensionPaths: Added unfilterableExtensionPaths: 
TpTrace Verbose: 0 : 12120, 4, 2025/02/08, 14:03:56.722, 697233879619, testhost.dll, TestPluginCache.DiscoverTestExtensions: Discovering the extensions using allExtensionPaths: C:\Users\Premiersoft\Documents\ARQ\Alberto\Teste\OneDrive_1_04-02-2025\Questao5\bin\Debug\net6.0\fine-code-coverage\build-output\xunit.runner.visualstudio.dotnetcore.testadapter.dll
TpTrace Information: 0 : 12120, 4, 2025/02/08, 14:03:56.722, 697233879927, testhost.dll, AssemblyResolver.AddSearchDirectories: Adding more searchDirectories C:\Users\Premiersoft\Documents\ARQ\Alberto\Teste\OneDrive_1_04-02-2025\Questao5\bin\Debug\net6.0\fine-code-coverage\build-output
TpTrace Verbose: 0 : 12120, 4, 2025/02/08, 14:03:56.722, 697233880527, testhost.dll, MetadataReaderExtensionsHelper: Discovering extensions inside assembly 'xunit.runner.visualstudio.dotnetcore.testadapter, Version=2.4.0.0, Culture=neutral, PublicKeyToken=8d05b1bb7a6fdb6c' file path 'C:\Users\Premiersoft\Documents\ARQ\Alberto\Teste\OneDrive_1_04-02-2025\Questao5\bin\Debug\net6.0\fine-code-coverage\build-output\xunit.runner.visualstudio.dotnetcore.testadapter.dll'
TpTrace Verbose: 0 : 12120, 4, 2025/02/08, 14:03:56.723, 697233886549, testhost.dll, TestPluginCache: Discovered the extensions using extension path ''.
TpTrace Verbose: 0 : 12120, 4, 2025/02/08, 14:03:56.723, 697233887158, testhost.dll, TestPluginCache: Discoverers are ''.
TpTrace Verbose: 0 : 12120, 4, 2025/02/08, 14:03:56.723, 697233887668, testhost.dll, TestPluginCache: Executors are 'executor://xunit/VsTestRunner2/netcoreapp'.
TpTrace Verbose: 0 : 12120, 4, 2025/02/08, 14:03:56.723, 697233888071, testhost.dll, TestPluginCache: Executors2 are ''.
TpTrace Verbose: 0 : 12120, 4, 2025/02/08, 14:03:56.723, 697233888225, testhost.dll, TestPluginCache: Setting providers are ''.
TpTrace Verbose: 0 : 12120, 4, 2025/02/08, 14:03:56.723, 697233888355, testhost.dll, TestPluginCache: Loggers are ''.
TpTrace Verbose: 0 : 12120, 4, 2025/02/08, 14:03:56.723, 697233888712, testhost.dll, TestPluginCache: TestHosts are ''.
TpTrace Verbose: 0 : 12120, 4, 2025/02/08, 14:03:56.723, 697233888852, testhost.dll, TestPluginCache: DataCollectors are ''.
TpTrace Information: 0 : 12120, 4, 2025/02/08, 14:03:56.727, 697233929334, testhost.dll, TestPluginManager.CreateTestExtension: Attempting to load test extension: Xunit.Runner.VisualStudio.VsTestRunner
TpTrace Verbose: 0 : 12120, 4, 2025/02/08, 14:03:56.727, 697233931217, testhost.dll, TestExecutorExtensionManager: Loading executor Xunit.Runner.VisualStudio.VsTestRunner
TpTrace Verbose: 0 : 12120, 4, 2025/02/08, 14:03:56.727, 697233931521, testhost.dll, TestExecutorService: Loaded the executors
TpTrace Verbose: 0 : 12120, 4, 2025/02/08, 14:03:56.728, 697233943187, testhost.dll, TestPluginCache.DiscoverTestExtensions: finding test extensions in assemblies ends with: TestAdapter.dll TPluginInfo: Microsoft.VisualStudio.TestPlatform.Common.ExtensionFramework.Utilities.TestSettingsProviderPluginInformation TExtension: Microsoft.VisualStudio.TestPlatform.ObjectModel.Adapter.ISettingsProvider
TpTrace Verbose: 0 : 12120, 4, 2025/02/08, 14:03:56.729, 697233944457, testhost.dll, TestPluginCache.GetExtensionPaths: Filtered extension paths: 
TpTrace Verbose: 0 : 12120, 4, 2025/02/08, 14:03:56.729, 697233944804, testhost.dll, TestPluginCache.GetExtensionPaths: Added default extension paths: C:\Users\Premiersoft\Documents\ARQ\Alberto\Teste\OneDrive_1_04-02-2025\Questao5\bin\Debug\net6.0\fine-code-coverage\build-output\xunit.runner.visualstudio.dotnetcore.testadapter.dll
TpTrace Verbose: 0 : 12120, 4, 2025/02/08, 14:03:56.729, 697233944974, testhost.dll, TestPluginCache.GetExtensionPaths: Added unfilterableExtensionPaths: 
TpTrace Information: 0 : 12120, 4, 2025/02/08, 14:03:56.729, 697233946139, testhost.dll, AssemblyResolver.AddSearchDirectories: Adding more searchDirectories C:\Users\Premiersoft\Documents\ARQ\Alberto\Teste\OneDrive_1_04-02-2025\Questao5\bin\Debug\net6.0\fine-code-coverage\build-output
TpTrace Verbose: 0 : 12120, 4, 2025/02/08, 14:03:56.729, 697233946517, testhost.dll, TestPluginCache.DiscoverTestExtensions: Discovering the extensions using extension path.
TpTrace Verbose: 0 : 12120, 4, 2025/02/08, 14:03:56.729, 697233946700, testhost.dll, TestPluginCache.GetExtensionPaths: Filtered extension paths: 
TpTrace Verbose: 0 : 12120, 4, 2025/02/08, 14:03:56.729, 697233946849, testhost.dll, TestPluginCache.GetExtensionPaths: Added default extension paths: C:\Users\Premiersoft\Documents\ARQ\Alberto\Teste\OneDrive_1_04-02-2025\Questao5\bin\Debug\net6.0\fine-code-coverage\build-output\xunit.runner.visualstudio.dotnetcore.testadapter.dll
TpTrace Verbose: 0 : 12120, 4, 2025/02/08, 14:03:56.729, 697233947040, testhost.dll, TestPluginCache.GetExtensionPaths: Added unfilterableExtensionPaths: 
TpTrace Verbose: 0 : 12120, 4, 2025/02/08, 14:03:56.729, 697233947274, testhost.dll, TestPluginCache.DiscoverTestExtensions: Discovering the extensions using allExtensionPaths: C:\Users\Premiersoft\Documents\ARQ\Alberto\Teste\OneDrive_1_04-02-2025\Questao5\bin\Debug\net6.0\fine-code-coverage\build-output\xunit.runner.visualstudio.dotnetcore.testadapter.dll
TpTrace Information: 0 : 12120, 4, 2025/02/08, 14:03:56.729, 697233947534, testhost.dll, AssemblyResolver.AddSearchDirectories: Adding more searchDirectories C:\Users\Premiersoft\Documents\ARQ\Alberto\Teste\OneDrive_1_04-02-2025\Questao5\bin\Debug\net6.0\fine-code-coverage\build-output
TpTrace Verbose: 0 : 12120, 4, 2025/02/08, 14:03:56.729, 697233948142, testhost.dll, MetadataReaderExtensionsHelper: Discovering extensions inside assembly 'xunit.runner.visualstudio.dotnetcore.testadapter, Version=2.4.0.0, Culture=neutral, PublicKeyToken=8d05b1bb7a6fdb6c' file path 'C:\Users\Premiersoft\Documents\ARQ\Alberto\Teste\OneDrive_1_04-02-2025\Questao5\bin\Debug\net6.0\fine-code-coverage\build-output\xunit.runner.visualstudio.dotnetcore.testadapter.dll'
TpTrace Verbose: 0 : 12120, 4, 2025/02/08, 14:03:56.729, 697233952816, testhost.dll, TestPluginCache: Discovered the extensions using extension path ''.
TpTrace Verbose: 0 : 12120, 4, 2025/02/08, 14:03:56.729, 697233953409, testhost.dll, TestPluginCache: Discoverers are ''.
TpTrace Verbose: 0 : 12120, 4, 2025/02/08, 14:03:56.729, 697233953608, testhost.dll, TestPluginCache: Executors are 'executor://xunit/VsTestRunner2/netcoreapp'.
TpTrace Verbose: 0 : 12120, 4, 2025/02/08, 14:03:56.729, 697233953775, testhost.dll, TestPluginCache: Executors2 are ''.
TpTrace Verbose: 0 : 12120, 4, 2025/02/08, 14:03:56.729, 697233954042, testhost.dll, TestPluginCache: Setting providers are ''.
TpTrace Verbose: 0 : 12120, 4, 2025/02/08, 14:03:56.730, 697233955543, testhost.dll, TestPluginCache: Loggers are ''.
TpTrace Verbose: 0 : 12120, 4, 2025/02/08, 14:03:56.730, 697233955872, testhost.dll, TestPluginCache: TestHosts are ''.
TpTrace Verbose: 0 : 12120, 4, 2025/02/08, 14:03:56.730, 697233956243, testhost.dll, TestPluginCache: DataCollectors are ''.
TpTrace Verbose: 0 : 12120, 4, 2025/02/08, 14:03:56.731, 697233967259, testhost.dll, TestExecutorService: Loaded the settings providers
TpTrace Information: 0 : 12120, 4, 2025/02/08, 14:03:56.731, 697233967845, testhost.dll, TestExecutorService: Loaded the extensions
TpTrace Information: 0 : 12120, 4, 2025/02/08, 14:03:56.731, 697233973738, testhost.dll, TestRequestHandler.OnMessageReceived: Running job 'TestExecution.StartWithSources'.
TpTrace Verbose: 0 : 12120, 4, 2025/02/08, 14:03:56.795, 697234609969, testhost.dll, MulticastDelegateUtilities.SafeInvoke: TestCaseEventsHandler.RaiseSessionStart: Invoking callbacks was skipped because there are no subscribers.
TpTrace Information: 0 : 12120, 4, 2025/02/08, 14:03:56.799, 697234647120, testhost.dll, TestDiscoveryManager: Discovering tests from sources C:\Users\Premiersoft\Documents\ARQ\Alberto\Teste\OneDrive_1_04-02-2025\Questao5\bin\Debug\net6.0\fine-code-coverage\build-output\Questao5.dll
TpTrace Verbose: 0 : 12120, 4, 2025/02/08, 14:03:56.801, 697234672035, testhost.dll, TestPluginCache.DiscoverTestExtensions: finding test extensions in assemblies ends with: TestAdapter.dll TPluginInfo: Microsoft.VisualStudio.TestPlatform.Common.ExtensionFramework.Utilities.TestDiscovererPluginInformation TExtension: Microsoft.VisualStudio.TestPlatform.ObjectModel.Adapter.ITestDiscoverer
TpTrace Verbose: 0 : 12120, 4, 2025/02/08, 14:03:56.801, 697234673274, testhost.dll, TestPluginCache.GetExtensionPaths: Filtered extension paths: 
TpTrace Verbose: 0 : 12120, 4, 2025/02/08, 14:03:56.801, 697234673593, testhost.dll, TestPluginCache.GetExtensionPaths: Added default extension paths: C:\Users\Premiersoft\Documents\ARQ\Alberto\Teste\OneDrive_1_04-02-2025\Questao5\bin\Debug\net6.0\fine-code-coverage\build-output\xunit.runner.visualstudio.dotnetcore.testadapter.dll
TpTrace Verbose: 0 : 12120, 4, 2025/02/08, 14:03:56.801, 697234673759, testhost.dll, TestPluginCache.GetExtensionPaths: Added unfilterableExtensionPaths: 
TpTrace Information: 0 : 12120, 4, 2025/02/08, 14:03:56.802, 697234675049, testhost.dll, AssemblyResolver.AddSearchDirectories: Adding more searchDirectories C:\Users\Premiersoft\Documents\ARQ\Alberto\Teste\OneDrive_1_04-02-2025\Questao5\bin\Debug\net6.0\fine-code-coverage\build-output
TpTrace Verbose: 0 : 12120, 4, 2025/02/08, 14:03:56.802, 697234675352, testhost.dll, TestPluginCache.DiscoverTestExtensions: Discovering the extensions using extension path.
TpTrace Verbose: 0 : 12120, 4, 2025/02/08, 14:03:56.802, 697234675599, testhost.dll, TestPluginCache.GetExtensionPaths: Filtered extension paths: 
TpTrace Verbose: 0 : 12120, 4, 2025/02/08, 14:03:56.802, 697234675784, testhost.dll, TestPluginCache.GetExtensionPaths: Added default extension paths: C:\Users\Premiersoft\Documents\ARQ\Alberto\Teste\OneDrive_1_04-02-2025\Questao5\bin\Debug\net6.0\fine-code-coverage\build-output\xunit.runner.visualstudio.dotnetcore.testadapter.dll
TpTrace Verbose: 0 : 12120, 4, 2025/02/08, 14:03:56.802, 697234675939, testhost.dll, TestPluginCache.GetExtensionPaths: Added unfilterableExtensionPaths: 
TpTrace Verbose: 0 : 12120, 4, 2025/02/08, 14:03:56.802, 697234676147, testhost.dll, TestPluginCache.DiscoverTestExtensions: Discovering the extensions using allExtensionPaths: C:\Users\Premiersoft\Documents\ARQ\Alberto\Teste\OneDrive_1_04-02-2025\Questao5\bin\Debug\net6.0\fine-code-coverage\build-output\xunit.runner.visualstudio.dotnetcore.testadapter.dll
TpTrace Information: 0 : 12120, 4, 2025/02/08, 14:03:56.802, 697234676412, testhost.dll, AssemblyResolver.AddSearchDirectories: Adding more searchDirectories C:\Users\Premiersoft\Documents\ARQ\Alberto\Teste\OneDrive_1_04-02-2025\Questao5\bin\Debug\net6.0\fine-code-coverage\build-output
TpTrace Verbose: 0 : 12120, 4, 2025/02/08, 14:03:56.802, 697234677056, testhost.dll, MetadataReaderExtensionsHelper: Discovering extensions inside assembly 'xunit.runner.visualstudio.dotnetcore.testadapter, Version=2.4.0.0, Culture=neutral, PublicKeyToken=8d05b1bb7a6fdb6c' file path 'C:\Users\Premiersoft\Documents\ARQ\Alberto\Teste\OneDrive_1_04-02-2025\Questao5\bin\Debug\net6.0\fine-code-coverage\build-output\xunit.runner.visualstudio.dotnetcore.testadapter.dll'
TpTrace Information: 0 : 12120, 4, 2025/02/08, 14:03:56.804, 697234697536, testhost.dll, GetTestExtensionFromType: Register extension with identifier data 'Xunit.Runner.VisualStudio.VsTestRunner, xunit.runner.visualstudio.dotnetcore.testadapter, Version=2.4.0.0, Culture=neutral, PublicKeyToken=8d05b1bb7a6fdb6c' and type 'Xunit.Runner.VisualStudio.VsTestRunner, xunit.runner.visualstudio.dotnetcore.testadapter, Version=2.4.0.0, Culture=neutral, PublicKeyToken=8d05b1bb7a6fdb6c' inside file 'C:\Users\Premiersoft\Documents\ARQ\Alberto\Teste\OneDrive_1_04-02-2025\Questao5\bin\Debug\net6.0\fine-code-coverage\build-output\xunit.runner.visualstudio.dotnetcore.testadapter.dll'
TpTrace Verbose: 0 : 12120, 4, 2025/02/08, 14:03:56.804, 697234699309, testhost.dll, TestPluginCache: Discovered the extensions using extension path ''.
TpTrace Verbose: 0 : 12120, 4, 2025/02/08, 14:03:56.804, 697234699719, testhost.dll, TestPluginCache: Discoverers are 'Xunit.Runner.VisualStudio.VsTestRunner, xunit.runner.visualstudio.dotnetcore.testadapter, Version=2.4.0.0, Culture=neutral, PublicKeyToken=8d05b1bb7a6fdb6c'.
TpTrace Verbose: 0 : 12120, 4, 2025/02/08, 14:03:56.804, 697234699904, testhost.dll, TestPluginCache: Executors are 'executor://xunit/VsTestRunner2/netcoreapp'.
TpTrace Verbose: 0 : 12120, 4, 2025/02/08, 14:03:56.804, 697234700160, testhost.dll, TestPluginCache: Executors2 are ''.
TpTrace Verbose: 0 : 12120, 4, 2025/02/08, 14:03:56.804, 697234700330, testhost.dll, TestPluginCache: Setting providers are ''.
TpTrace Verbose: 0 : 12120, 4, 2025/02/08, 14:03:56.804, 697234700486, testhost.dll, TestPluginCache: Loggers are ''.
TpTrace Verbose: 0 : 12120, 4, 2025/02/08, 14:03:56.804, 697234700713, testhost.dll, TestPluginCache: TestHosts are ''.
TpTrace Verbose: 0 : 12120, 4, 2025/02/08, 14:03:56.804, 697234700861, testhost.dll, TestPluginCache: DataCollectors are ''.
TpTrace Information: 0 : 12120, 4, 2025/02/08, 14:03:56.807, 697234731573, testhost.dll, PEReaderHelper.GetAssemblyType: Determined assemblyType:'Managed' for source: 'C:\Users\Premiersoft\Documents\ARQ\Alberto\Teste\OneDrive_1_04-02-2025\Questao5\bin\Debug\net6.0\fine-code-coverage\build-output\Questao5.dll'
TpTrace Verbose: 0 : 12120, 4, 2025/02/08, 14:03:56.812, 697234783009, testhost.dll, BaseRunTests.RunTestInternalWithExecutors: Running tests for executor://xunit/VsTestRunner2/netcoreapp
TpTrace Information: 0 : 12120, 4, 2025/02/08, 14:03:56.819, 697234847364, testhost.dll, [xUnit.net 00:00:00.00] xUnit.net VSTest Adapter v2.4.5+1caef2f33e (64-bit .NET 6.0.33)
TpTrace Verbose: 0 : 12120, 4, 2025/02/08, 14:03:56.819, 697234849183, testhost.dll, TestRequestHandler.SendData: sending data from testhost: {"Version":7,"MessageType":"TestSession.Message","Payload":{"MessageLevel":0,"Message":"[xUnit.net 00:00:00.00] xUnit.net VSTest Adapter v2.4.5+1caef2f33e (64-bit .NET 6.0.33)"}}
TpTrace Verbose: 0 : 12120, 4, 2025/02/08, 14:03:56.819, 697234851099, testhost.dll, MulticastDelegateUtilities.SafeInvoke: TestRunMessageLoggerProxy.SendMessage: Invoking callback 1/1 for Microsoft.VisualStudio.TestPlatform.CrossPlatEngine.Execution.RunTestsWithSources.OnTestRunMessage, took 0 ms.
TpTrace Information: 0 : 12120, 4, 2025/02/08, 14:03:57.646, 697243122540, testhost.dll, AssemblyResolver.OnResolve: xunit.runner.reporters.netcoreapp10: Resolving assembly.
TpTrace Information: 0 : 12120, 4, 2025/02/08, 14:03:57.646, 697243123610, testhost.dll, AssemblyResolver.OnResolve: xunit.runner.reporters.netcoreapp10: Searching in: 'C:\Users\Premiersoft\Documents\ARQ\Alberto\Teste\OneDrive_1_04-02-2025\Questao5\bin\Debug\net6.0\fine-code-coverage\build-output'.
TpTrace Information: 0 : 12120, 4, 2025/02/08, 14:03:57.647, 697243125940, testhost.dll, AssemblyResolver.OnResolve: xunit.runner.reporters.netcoreapp10: Loading assembly 'C:\Users\Premiersoft\Documents\ARQ\Alberto\Teste\OneDrive_1_04-02-2025\Questao5\bin\Debug\net6.0\fine-code-coverage\build-output\xunit.runner.reporters.netcoreapp10.dll'.
TpTrace Information: 0 : 12120, 4, 2025/02/08, 14:03:57.647, 697243131700, testhost.dll, AssemblyResolver.OnResolve: Resolved assembly: xunit.runner.reporters.netcoreapp10, from path: C:\Users\Premiersoft\Documents\ARQ\Alberto\Teste\OneDrive_1_04-02-2025\Questao5\bin\Debug\net6.0\fine-code-coverage\build-output\xunit.runner.reporters.netcoreapp10.dll
TpTrace Information: 0 : 12120, 4, 2025/02/08, 14:03:57.695, 697243611336, testhost.dll, [xUnit.net 00:00:00.88]   Discovering: Questao5
TpTrace Verbose: 0 : 12120, 4, 2025/02/08, 14:03:57.695, 697243612725, testhost.dll, TestRequestHandler.SendData: sending data from testhost: {"Version":7,"MessageType":"TestSession.Message","Payload":{"MessageLevel":0,"Message":"[xUnit.net 00:00:00.88]   Discovering: Questao5"}}
TpTrace Verbose: 0 : 12120, 4, 2025/02/08, 14:03:57.695, 697243614143, testhost.dll, MulticastDelegateUtilities.SafeInvoke: TestRunMessageLoggerProxy.SendMessage: Invoking callback 1/1 for Microsoft.VisualStudio.TestPlatform.CrossPlatEngine.Execution.RunTestsWithSources.OnTestRunMessage, took 0 ms.
TpTrace Verbose: 0 : 12120, 11, 2025/02/08, 14:03:57.702, 697243679942, testhost.dll, TcpClientExtensions.MessageLoopAsync: Polling on remoteEndPoint: [::ffff:127.0.0.1]:59972 localEndPoint: [::ffff:127.0.0.1]:59973
TpTrace Information: 0 : 12120, 4, 2025/02/08, 14:03:57.736, 697244019077, testhost.dll, [xUnit.net 00:00:00.92]   Discovered:  Questao5
TpTrace Verbose: 0 : 12120, 4, 2025/02/08, 14:03:57.737, 697244029454, testhost.dll, TestRequestHandler.SendData: sending data from testhost: {"Version":7,"MessageType":"TestSession.Message","Payload":{"MessageLevel":0,"Message":"[xUnit.net 00:00:00.92]   Discovered:  Questao5"}}
TpTrace Verbose: 0 : 12120, 4, 2025/02/08, 14:03:57.737, 697244030813, testhost.dll, MulticastDelegateUtilities.SafeInvoke: TestRunMessageLoggerProxy.SendMessage: Invoking callback 1/1 for Microsoft.VisualStudio.TestPlatform.CrossPlatEngine.Execution.RunTestsWithSources.OnTestRunMessage, took 1 ms.
TpTrace Information: 0 : 12120, 4, 2025/02/08, 14:03:57.739, 697244047887, testhost.dll, [xUnit.net 00:00:00.92]   Starting:    Questao5
TpTrace Verbose: 0 : 12120, 4, 2025/02/08, 14:03:57.739, 697244048964, testhost.dll, TestRequestHandler.SendData: sending data from testhost: {"Version":7,"MessageType":"TestSession.Message","Payload":{"MessageLevel":0,"Message":"[xUnit.net 00:00:00.92]   Starting:    Questao5"}}
TpTrace Verbose: 0 : 12120, 4, 2025/02/08, 14:03:57.739, 697244050073, testhost.dll, MulticastDelegateUtilities.SafeInvoke: TestRunMessageLoggerProxy.SendMessage: Invoking callback 1/1 for Microsoft.VisualStudio.TestPlatform.CrossPlatEngine.Execution.RunTestsWithSources.OnTestRunMessage, took 0 ms.
TpTrace Verbose: 0 : 12120, 17, 2025/02/08, 14:03:57.780, 697244459915, testhost.dll, TestExecutionRecorder.RecordStart: Starting test: Questao5.Testes.Handlers.SaldoContaCorreteHandlerTeste.SaldoContaCorreteHandler_Valido.
TpTrace Verbose: 0 : 12120, 17, 2025/02/08, 14:03:57.831, 697244968904, testhost.dll, MulticastDelegateUtilities.SafeInvoke: TestCaseEventsHandler.RaiseTestCaseStart: Invoking callback 1/1 for Microsoft.VisualStudio.TestPlatform.CrossPlatEngine.DataCollection.ProxyOutOfProcDataCollectionManager.TriggerTestCaseStart, took 49 ms.
TpTrace Verbose: 0 : 12120, 17, 2025/02/08, 14:03:57.831, 697244971479, testhost.dll, TestExecutionRecorder.RecordStart: Starting test: Questao5.Testes.Handlers.MovimentacaoHandlerTeste.MovimentacaoHandler_Valido.
TpTrace Verbose: 0 : 12120, 17, 2025/02/08, 14:03:57.834, 697245001036, testhost.dll, MulticastDelegateUtilities.SafeInvoke: TestCaseEventsHandler.RaiseTestCaseStart: Invoking callback 1/1 for Microsoft.VisualStudio.TestPlatform.CrossPlatEngine.DataCollection.ProxyOutOfProcDataCollectionManager.TriggerTestCaseStart, took 2 ms.
TpTrace Verbose: 0 : 12120, 17, 2025/02/08, 14:03:57.950, 697246155320, testhost.dll, TestExecutionRecorder.RecordResult: Received result for test: Questao5.Testes.Handlers.SaldoContaCorreteHandlerTeste.SaldoContaCorreteHandler_Valido.
TpTrace Verbose: 0 : 12120, 17, 2025/02/08, 14:03:57.963, 697246287764, testhost.dll, MulticastDelegateUtilities.SafeInvoke: TestCaseEventsHandler.RaiseTestCaseEnd: Invoking callback 1/1 for Microsoft.VisualStudio.TestPlatform.CrossPlatEngine.DataCollection.ProxyOutOfProcDataCollectionManager.TriggerTestCaseEnd, took 12 ms.
TpTrace Verbose: 0 : 12120, 17, 2025/02/08, 14:03:57.965, 697246310373, testhost.dll, MulticastDelegateUtilities.SafeInvoke: TestCaseEventsHandler.RaiseTestCaseEnd: Invoking callback 1/1 for Microsoft.VisualStudio.TestPlatform.CrossPlatEngine.DataCollection.ProxyOutOfProcDataCollectionManager.TriggerSendTestResult, took 1 ms.
TpTrace Verbose: 0 : 12120, 17, 2025/02/08, 14:03:57.968, 697246340998, testhost.dll, TestExecutionRecorder.RecordResult: Received result for test: Questao5.Testes.Handlers.MovimentacaoHandlerTeste.MovimentacaoHandler_Valido.
TpTrace Verbose: 0 : 12120, 17, 2025/02/08, 14:03:57.970, 697246360347, testhost.dll, MulticastDelegateUtilities.SafeInvoke: TestCaseEventsHandler.RaiseTestCaseEnd: Invoking callback 1/1 for Microsoft.VisualStudio.TestPlatform.CrossPlatEngine.DataCollection.ProxyOutOfProcDataCollectionManager.TriggerTestCaseEnd, took 1 ms.
TpTrace Verbose: 0 : 12120, 17, 2025/02/08, 14:03:57.970, 697246361594, testhost.dll, MulticastDelegateUtilities.SafeInvoke: TestCaseEventsHandler.RaiseTestCaseEnd: Invoking callback 1/1 for Microsoft.VisualStudio.TestPlatform.CrossPlatEngine.DataCollection.ProxyOutOfProcDataCollectionManager.TriggerSendTestResult, took 0 ms.
TpTrace Verbose: 0 : 12120, 17, 2025/02/08, 14:03:57.971, 697246367074, testhost.dll, TestExecutionRecorder.RecordEnd: test: Questao5.Testes.Handlers.MovimentacaoHandlerTeste.MovimentacaoHandler_Valido execution completed.
TpTrace Warning: 0 : 12120, 17, 2025/02/08, 14:03:57.971, 697246368242, testhost.dll, TestRunCache: InProgressTests is null
TpTrace Verbose: 0 : 12120, 17, 2025/02/08, 14:03:57.971, 697246369260, testhost.dll, TestExecutionRecorder.RecordEnd: test: Questao5.Testes.Handlers.SaldoContaCorreteHandlerTeste.SaldoContaCorreteHandler_Valido execution completed.
TpTrace Warning: 0 : 12120, 17, 2025/02/08, 14:03:57.971, 697246369493, testhost.dll, TestRunCache: InProgressTests is null
TpTrace Information: 0 : 12120, 4, 2025/02/08, 14:03:57.972, 697246377259, testhost.dll, [xUnit.net 00:00:01.15]   Finished:    Questao5
TpTrace Verbose: 0 : 12120, 4, 2025/02/08, 14:03:57.972, 697246378306, testhost.dll, TestRequestHandler.SendData: sending data from testhost: {"Version":7,"MessageType":"TestSession.Message","Payload":{"MessageLevel":0,"Message":"[xUnit.net 00:00:01.15]   Finished:    Questao5"}}
TpTrace Verbose: 0 : 12120, 4, 2025/02/08, 14:03:57.972, 697246379684, testhost.dll, MulticastDelegateUtilities.SafeInvoke: TestRunMessageLoggerProxy.SendMessage: Invoking callback 1/1 for Microsoft.VisualStudio.TestPlatform.CrossPlatEngine.Execution.RunTestsWithSources.OnTestRunMessage, took 0 ms.
TpTrace Verbose: 0 : 12120, 4, 2025/02/08, 14:03:57.976, 697246420542, testhost.dll, BaseRunTests.RunTestInternalWithExecutors: Completed running tests for executor://xunit/VsTestRunner2/netcoreapp
TpTrace Verbose: 0 : 12120, 4, 2025/02/08, 14:03:57.977, 697246433354, testhost.dll, MulticastDelegateUtilities.SafeInvoke: TestCaseEventsHandler.RaiseSessionEnd: Invoking callback 1/1 for Microsoft.VisualStudio.TestPlatform.CrossPlatEngine.DataCollection.ProxyOutOfProcDataCollectionManager.TriggerTestSessionEnd, took 0 ms.
TpTrace Information: 0 : 12120, 4, 2025/02/08, 14:03:57.981, 697246471078, testhost.dll, Sending test run complete
TpTrace Verbose: 0 : 12120, 4, 2025/02/08, 14:03:58.016, 697246817044, testhost.dll, TestRequestHandler.SendData: sending data from testhost: {"Version":7,"MessageType":"TestExecution.Completed","Payload":{"TestRunCompleteArgs":{"TestRunStatistics":{"ExecutedTests":2,"Stats":{"Passed":2}},"IsCanceled":false,"IsAborted":false,"Error":null,"AttachmentSets":[],"InvokedDataCollectors":[],"ElapsedTimeInRunningTests":"00:00:01.1677853","Metrics":{},"DiscoveredExtensions":{"TestDiscoverers":["Xunit.Runner.VisualStudio.VsTestRunner, xunit.runner.visualstudio.dotnetcore.testadapter, Version=2.4.0.0, Culture=neutral, PublicKeyToken=8d05b1bb7a6fdb6c"],"TestExecutors":["executor://xunit/VsTestRunner2/netcoreapp"],"TestExecutors2":[],"TestSettingsProviders":[]}},"LastRunTests":{"NewTestResults":[{"TestCase":{"Id":"362af047-9c55-5841-0295-732123899c35","FullyQualifiedName":"Questao5.Testes.Handlers.SaldoContaCorreteHandlerTeste.SaldoContaCorreteHandler_Valido","DisplayName":"SaldoContaCorreteHandler Valido","ExecutorUri":"executor://xunit/VsTestRunner2/netcoreapp","Source":"C:\\Users\\Premiersoft\\Documents\\ARQ\\Alberto\\Teste\\OneDrive_1_04-02-2025\\Questao5\\bin\\Debug\\net6.0\\fine-code-coverage\\build-output\\Questao5.dll","CodeFilePath":null,"LineNumber":0,"Properties":[{"Key":{"Id":"TestObject.Traits","Label":"Características","Category":"","Description":"","Attributes":5,"ValueType":"System.Collections.Generic.KeyValuePair`2[[System.String],[System.String]][]"},"Value":[{"Key":"Categoria","Value":"SaldoContaCorreteHandler"}]}]},"Attachments":[],"Outcome":1,"ErrorMessage":null,"ErrorStackTrace":null,"DisplayName":"SaldoContaCorreteHandler Valido","Messages":[],"ComputerName":"PS-STFA107-0066","Duration":"00:00:00.1549307","StartTime":"2025-02-08T17:03:57.9496571+00:00","EndTime":"2025-02-08T17:03:57.9496795+00:00","Properties":[]},{"TestCase":{"Id":"8da5916e-707a-ae42-f880-d5a255a836f0","FullyQualifiedName":"Questao5.Testes.Handlers.MovimentacaoHandlerTeste.MovimentacaoHandler_Valido","DisplayName":"MovimentacaoHandler Valido","ExecutorUri":"executor://xunit/VsTestRunner2/netcoreapp","Source":"C:\\Users\\Premiersoft\\Documents\\ARQ\\Alberto\\Teste\\OneDrive_1_04-02-2025\\Questao5\\bin\\Debug\\net6.0\\fine-code-coverage\\build-output\\Questao5.dll","CodeFilePath":null,"LineNumber":0,"Properties":[{"Key":{"Id":"TestObject.Traits","Label":"Características","Category":"","Description":"","Attributes":5,"ValueType":"System.Collections.Generic.KeyValuePair`2[[System.String],[System.String]][]"},"Value":[{"Key":"Categoria","Value":"MovimentacaoHandler"}]}]},"Attachments":[],"Outcome":1,"ErrorMessage":null,"ErrorStackTrace":null,"DisplayName":"MovimentacaoHandler Valido","Messages":[],"ComputerName":"PS-STFA107-0066","Duration":"00:00:00.1548602","StartTime":"2025-02-08T17:03:57.9686421+00:00","EndTime":"2025-02-08T17:03:57.9686422+00:00","Properties":[]}],"TestRunStatistics":{"ExecutedTests":2,"Stats":{"Passed":2}},"ActiveTests":[]},"RunAttachments":[],"ExecutorUris":["executor://xunit/VsTestRunner2/netcoreapp"]}}
TpTrace Verbose: 0 : 12120, 4, 2025/02/08, 14:03:58.016, 697246821207, testhost.dll, BaseRunTests.RunTests: Run is complete.
TpTrace Verbose: 0 : 12120, 11, 2025/02/08, 14:03:58.017, 697246824635, testhost.dll, TcpClientExtensions.MessageLoopAsync: NotifyDataAvailable remoteEndPoint: [::ffff:127.0.0.1]:59972 localEndPoint: [::ffff:127.0.0.1]:59973
TpTrace Information: 0 : 12120, 11, 2025/02/08, 14:03:58.017, 697246825894, testhost.dll, TestRequestHandler.OnMessageReceived: received message: (TestSession.Terminate) -> {"MessageType":"TestSession.Terminate","Payload":null}
TpTrace Information: 0 : 12120, 11, 2025/02/08, 14:03:58.017, 697246826262, testhost.dll, Session End message received from server. Closing the connection.
TpTrace Information: 0 : 12120, 11, 2025/02/08, 14:03:58.017, 697246829455, testhost.dll, SocketClient.Stop: Stop communication from server endpoint: 127.0.0.1:059972
TpTrace Information: 0 : 12120, 11, 2025/02/08, 14:03:58.017, 697246830153, testhost.dll, SocketClient: Stop: Cancellation requested. Stopping message loop.
TpTrace Verbose: 0 : 12120, 11, 2025/02/08, 14:03:58.017, 697246831449, testhost.dll, LengthPrefixCommunicationChannel.Dispose: Dispose reader and writer.
TpTrace Information: 0 : 12120, 11, 2025/02/08, 14:03:58.017, 697246832005, testhost.dll, Closing the connection !
TpTrace Verbose: 0 : 12120, 11, 2025/02/08, 14:03:58.017, 697246832397, testhost.dll, MulticastDelegateUtilities.SafeInvoke: LengthPrefixCommunicationChannel: MessageReceived: Invoking callback 1/1 for Microsoft.VisualStudio.TestPlatform.CommunicationUtilities.TestRequestHandler.OnMessageReceived, took 0 ms.
TpTrace Information: 0 : 12120, 11, 2025/02/08, 14:03:58.018, 697246834458, testhost.dll, SocketClient.PrivateStop: Stop communication from server endpoint: 127.0.0.1:059972, error:
TpTrace Verbose: 0 : 12120, 11, 2025/02/08, 14:03:58.018, 697246836348, testhost.dll, LengthPrefixCommunicationChannel.Dispose: Dispose reader and writer.
TpTrace Information: 0 : 12120, 1, 2025/02/08, 14:03:58.018, 697246836388, testhost.dll, Closing the connection!
TpTrace Verbose: 0 : 12120, 11, 2025/02/08, 14:03:58.018, 697246837123, testhost.dll, TcpClientExtensions.MessageLoopAsync: exiting MessageLoopAsync remoteEndPoint: [::ffff:127.0.0.1]:59972 localEndPoint: [::ffff:127.0.0.1]:59973
TpTrace Information: 0 : 12120, 1, 2025/02/08, 14:03:58.018, 697246838605, testhost.dll, Testhost process exiting.
