TpTrace Verbose: 0 : 10136, 1, 2025/02/08, 14:03:56.216, 697228822247, datacollector.dll, Version: 17.11.0-release-24352-05
TpTrace Information: 0 : 10136, 1, 2025/02/08, 14:03:56.220, 697228860328, datacollector.dll, DataCollectorMain.Run: Starting data collector run with args: --port,59969,--parentprocessid,30380,--diag,C:\Users\Premiersoft\Documents\ARQ\Alberto\Teste\OneDrive_1_04-02-2025\Questao5\bin\Debug\net6.0\fine-code-coverage\coverage-tool-output\diagnostics.datacollector.25-02-08_14-03-56_10333_5.log,--tracelevel,4
TpTrace Information: 0 : 10136, 1, 2025/02/08, 14:03:56.220, 697228863445, datacollector.dll, DataCollector: Monitoring parent process with id: '30380'
TpTrace Information: 0 : 10136, 1, 2025/02/08, 14:03:56.227, 697228931410, datacollector.dll, Trying to connect to server on socket : 127.0.0.1:59969 
TpTrace Verbose: 0 : 10136, 1, 2025/02/08, 14:03:56.234, 697228995029, datacollector.dll, SocketCommunicationManager : SetupClientAsync : Attempting to connect to the server.
TpTrace Information: 0 : 10136, 6, 2025/02/08, 14:03:56.239, 697229049134, datacollector.dll, Connected to the server successfully 
TpTrace Information: 0 : 10136, 6, 2025/02/08, 14:03:56.239, 697229049963, datacollector.dll, Using the buffer size of 16384 bytes
TpTrace Information: 0 : 10136, 1, 2025/02/08, 14:03:56.286, 697229523417, datacollector.dll, DataCollector: Start Request Processing.
TpTrace Verbose: 0 : 10136, 1, 2025/02/08, 14:03:56.287, 697229526339, datacollector.dll, SocketCommunicationManager.WaitForServerConnection took: 0 ms, with 90000 ms timeout, and finished with True.
TpTrace Information: 0 : 10136, 1, 2025/02/08, 14:03:56.287, 697229529524, datacollector.dll, DataCollectionRequestHandler.ProcessRequests: Datacollector received message: (DataCollection.BeforeTestRunStart) -> {"MessageType":"DataCollection.BeforeTestRunStart","Payload":{"SettingsXml":"<RunSettings><RunConfiguration><ResultsDirectory>C:\\Users\\Premiersoft\\Documents\\ARQ\\Alberto\\Teste\\OneDrive_1_04-02-2025\\Questao5\\bin\\Debug\\net6.0\\fine-code-coverage\\coverage-tool-output</ResultsDirectory><TargetPlatform>X64</TargetPlatform><TargetFrameworkVersion>.NETCoreApp,Version=v6.0</TargetFrameworkVersion><DesignMode>False</DesignMode><CollectSourceInformation>False</CollectSourceInformation><TestAdaptersPaths>C:\\Program Files\\dotnet\\sdk\\8.0.400\\Extensions</TestAdaptersPaths></RunConfiguration><LoggerRunSettings><Loggers><Logger friendlyName=\"blame\" enabled=\"True\" /><Logger friendlyName=\"Console\" uri=\"logger://microsoft/TestPlatform/ConsoleLogger/v1\" assemblyQualifiedName=\"Microsoft.VisualStudio.TestPlatform.CommandLine.Internal.ConsoleLogger, vstest.console, Version=15.0.0.0, Culture=neutral, PublicKeyToken=b03f5f7f11d50a3a\" codeBase=\"C:\\Program Files\\dotnet\\sdk\\8.0.400\\vstest.console.dll\" enabled=\"True\" /></Loggers></LoggerRunSettings><DataCollectionRunSettings><DataCollectors><DataCollector friendlyName=\"blame\" enabled=\"True\"><Configuration><ResultsDirectory>C:\\Users\\Premiersoft\\Documents\\ARQ\\Alberto\\Teste\\OneDrive_1_04-02-2025\\Questao5\\bin\\Debug\\net6.0\\fine-code-coverage\\coverage-tool-output</ResultsDirectory></Configuration></DataCollector></DataCollectors></DataCollectionRunSettings></RunSettings>","Sources":["C:\\Users\\Premiersoft\\Documents\\ARQ\\Alberto\\Teste\\OneDrive_1_04-02-2025\\Questao5\\bin\\Debug\\net6.0\\fine-code-coverage\\build-output\\Questao5.dll"],"IsTelemetryOptedIn":false}}
TpTrace Verbose: 0 : 10136, 1, 2025/02/08, 14:03:56.321, 697229865585, datacollector.dll, TestPluginCache: Update extensions started. Skip filter = False
TpTrace Verbose: 0 : 10136, 1, 2025/02/08, 14:03:56.321, 697229872809, datacollector.dll, TestPluginCache: Using directories for assembly resolution 'C:\Program Files\dotnet\sdk\8.0.400\Extensions'.
TpTrace Verbose: 0 : 10136, 1, 2025/02/08, 14:03:56.321, 697229873430, datacollector.dll, TestPluginCache: Updated the available extensions to 'C:\Program Files\dotnet\sdk\8.0.400\Extensions\Microsoft.TestPlatform.Extensions.BlameDataCollector.dll,C:\Program Files\dotnet\sdk\8.0.400\Extensions\Microsoft.TestPlatform.Extensions.EventLogCollector.dll'.
TpTrace Verbose: 0 : 10136, 1, 2025/02/08, 14:03:56.326, 697229917546, datacollector.dll, TestPluginCache.DiscoverTestExtensions: finding test extensions in assemblies ends with: Collector.dll TPluginInfo: Microsoft.VisualStudio.TestPlatform.Common.DataCollector.DataCollectorConfig TExtension: Microsoft.VisualStudio.TestPlatform.ObjectModel.DataCollection.DataCollector
TpTrace Verbose: 0 : 10136, 1, 2025/02/08, 14:03:56.327, 697229934319, datacollector.dll, TestPluginCache.GetExtensionPaths: Filtered extension paths: C:\Program Files\dotnet\sdk\8.0.400\Extensions\Microsoft.TestPlatform.Extensions.BlameDataCollector.dll
C:\Program Files\dotnet\sdk\8.0.400\Extensions\Microsoft.TestPlatform.Extensions.EventLogCollector.dll
TpTrace Verbose: 0 : 10136, 1, 2025/02/08, 14:03:56.328, 697229935031, datacollector.dll, TestPluginCache.GetExtensionPaths: Added default extension paths: 
TpTrace Verbose: 0 : 10136, 1, 2025/02/08, 14:03:56.328, 697229935197, datacollector.dll, TestPluginCache.GetExtensionPaths: Added unfilterableExtensionPaths: 
TpTrace Information: 0 : 10136, 1, 2025/02/08, 14:03:56.328, 697229939897, datacollector.dll, AssemblyResolver.ctor: Creating AssemblyResolver with searchDirectories C:\Program Files\dotnet\sdk\8.0.400\Extensions,C:\Program Files\dotnet\sdk\8.0.400
TpTrace Verbose: 0 : 10136, 1, 2025/02/08, 14:03:56.329, 697229949647, datacollector.dll, TestPluginCache.DiscoverTestExtensions: Discovering the extensions using extension path.
TpTrace Verbose: 0 : 10136, 1, 2025/02/08, 14:03:56.329, 697229951115, datacollector.dll, TestPluginCache.GetExtensionPaths: Filtered extension paths: C:\Program Files\dotnet\sdk\8.0.400\Extensions\Microsoft.TestPlatform.Extensions.BlameDataCollector.dll
C:\Program Files\dotnet\sdk\8.0.400\Extensions\Microsoft.TestPlatform.Extensions.EventLogCollector.dll
TpTrace Verbose: 0 : 10136, 1, 2025/02/08, 14:03:56.329, 697229951387, datacollector.dll, TestPluginCache.GetExtensionPaths: Added default extension paths: 
TpTrace Verbose: 0 : 10136, 1, 2025/02/08, 14:03:56.329, 697229951548, datacollector.dll, TestPluginCache.GetExtensionPaths: Added unfilterableExtensionPaths: 
TpTrace Verbose: 0 : 10136, 1, 2025/02/08, 14:03:56.329, 697229951936, datacollector.dll, TestPluginCache.DiscoverTestExtensions: Discovering the extensions using allExtensionPaths: C:\Program Files\dotnet\sdk\8.0.400\Extensions\Microsoft.TestPlatform.Extensions.BlameDataCollector.dll
C:\Program Files\dotnet\sdk\8.0.400\Extensions\Microsoft.TestPlatform.Extensions.EventLogCollector.dll
TpTrace Information: 0 : 10136, 1, 2025/02/08, 14:03:56.329, 697229952729, datacollector.dll, AssemblyResolver.AddSearchDirectories: Adding more searchDirectories C:\Program Files\dotnet\sdk\8.0.400\Extensions,C:\Program Files\dotnet\sdk\8.0.400
TpTrace Information: 0 : 10136, 1, 2025/02/08, 14:03:56.329, 697229953077, datacollector.dll, AssemblyResolver.AddSearchDirectories: Adding more searchDirectories C:\Program Files\dotnet\sdk\8.0.400\Extensions,C:\Program Files\dotnet\sdk\8.0.400
TpTrace Information: 0 : 10136, 1, 2025/02/08, 14:03:56.330, 697229956014, datacollector.dll, AssemblyResolver.OnResolve: Microsoft.TestPlatform.Extensions.BlameDataCollector: Resolving assembly.
TpTrace Information: 0 : 10136, 1, 2025/02/08, 14:03:56.330, 697229956788, datacollector.dll, AssemblyResolver.OnResolve: Microsoft.TestPlatform.Extensions.BlameDataCollector: Searching in: 'C:\Program Files\dotnet\sdk\8.0.400\Extensions'.
TpTrace Information: 0 : 10136, 1, 2025/02/08, 14:03:56.335, 697230012727, datacollector.dll, AssemblyResolver.OnResolve: Microsoft.TestPlatform.Extensions.BlameDataCollector: Loading assembly 'C:\Program Files\dotnet\sdk\8.0.400\Extensions\Microsoft.TestPlatform.Extensions.BlameDataCollector.dll'.
TpTrace Information: 0 : 10136, 1, 2025/02/08, 14:03:56.336, 697230023095, datacollector.dll, AssemblyResolver.OnResolve: Resolved assembly: Microsoft.TestPlatform.Extensions.BlameDataCollector, from path: C:\Program Files\dotnet\sdk\8.0.400\Extensions\Microsoft.TestPlatform.Extensions.BlameDataCollector.dll
TpTrace Verbose: 0 : 10136, 1, 2025/02/08, 14:03:56.340, 697230061791, datacollector.dll, MetadataReaderExtensionsHelper: Discovering extensions inside assembly 'Microsoft.TestPlatform.Extensions.BlameDataCollector, Version=15.0.0.0, Culture=neutral, PublicKeyToken=b03f5f7f11d50a3a' file path 'C:\Program Files\dotnet\sdk\8.0.400\Extensions\Microsoft.TestPlatform.Extensions.BlameDataCollector.dll'
TpTrace Error: 0 : 10136, 1, 2025/02/08, 14:03:56.342, 697230081485, datacollector.dll, The type "Microsoft.TestPlatform.Extensions.BlameDataCollector.BlameCollector" defined in "Microsoft.TestPlatform.Extensions.BlameDataCollector.dll" does not have ExtensionUri attribute.
TpTrace Information: 0 : 10136, 1, 2025/02/08, 14:03:56.345, 697230110321, datacollector.dll, GetTestExtensionFromType: Register extension with identifier data 'datacollector://microsoft/TestPlatform/Extensions/Blame/v1' and type 'Microsoft.TestPlatform.Extensions.BlameDataCollector.BlameCollector, Microsoft.TestPlatform.Extensions.BlameDataCollector, Version=15.0.0.0, Culture=neutral, PublicKeyToken=b03f5f7f11d50a3a' inside file 'C:\Program Files\dotnet\sdk\8.0.400\Extensions\Microsoft.TestPlatform.Extensions.BlameDataCollector.dll'
TpTrace Information: 0 : 10136, 1, 2025/02/08, 14:03:56.345, 697230112117, datacollector.dll, AssemblyResolver.OnResolve: Microsoft.TestPlatform.Extensions.EventLogCollector: Resolving assembly.
TpTrace Information: 0 : 10136, 1, 2025/02/08, 14:03:56.345, 697230112772, datacollector.dll, AssemblyResolver.OnResolve: Microsoft.TestPlatform.Extensions.EventLogCollector: Searching in: 'C:\Program Files\dotnet\sdk\8.0.400\Extensions'.
TpTrace Information: 0 : 10136, 1, 2025/02/08, 14:03:56.346, 697230116965, datacollector.dll, AssemblyResolver.OnResolve: Microsoft.TestPlatform.Extensions.EventLogCollector: Loading assembly 'C:\Program Files\dotnet\sdk\8.0.400\Extensions\Microsoft.TestPlatform.Extensions.EventLogCollector.dll'.
TpTrace Information: 0 : 10136, 1, 2025/02/08, 14:03:56.346, 697230123631, datacollector.dll, AssemblyResolver.OnResolve: Resolved assembly: Microsoft.TestPlatform.Extensions.EventLogCollector, from path: C:\Program Files\dotnet\sdk\8.0.400\Extensions\Microsoft.TestPlatform.Extensions.EventLogCollector.dll
TpTrace Verbose: 0 : 10136, 1, 2025/02/08, 14:03:56.347, 697230124598, datacollector.dll, MetadataReaderExtensionsHelper: Discovering extensions inside assembly 'Microsoft.TestPlatform.Extensions.EventLogCollector, Version=15.0.0.0, Culture=neutral, PublicKeyToken=b03f5f7f11d50a3a' file path 'C:\Program Files\dotnet\sdk\8.0.400\Extensions\Microsoft.TestPlatform.Extensions.EventLogCollector.dll'
TpTrace Error: 0 : 10136, 1, 2025/02/08, 14:03:56.349, 697230145494, datacollector.dll, The type "Microsoft.TestPlatform.Extensions.EventLogCollector.EventLogDataCollector" defined in "Microsoft.TestPlatform.Extensions.EventLogCollector.dll" does not have ExtensionUri attribute.
TpTrace Information: 0 : 10136, 1, 2025/02/08, 14:03:56.349, 697230148515, datacollector.dll, GetTestExtensionFromType: Register extension with identifier data 'datacollector://microsoft/EventLog/2.0' and type 'Microsoft.TestPlatform.Extensions.EventLogCollector.EventLogDataCollector, Microsoft.TestPlatform.Extensions.EventLogCollector, Version=15.0.0.0, Culture=neutral, PublicKeyToken=b03f5f7f11d50a3a' inside file 'C:\Program Files\dotnet\sdk\8.0.400\Extensions\Microsoft.TestPlatform.Extensions.EventLogCollector.dll'
TpTrace Verbose: 0 : 10136, 1, 2025/02/08, 14:03:56.349, 697230150349, datacollector.dll, TestPluginCache: Discovered the extensions using extension path 'C:\Program Files\dotnet\sdk\8.0.400\Extensions\Microsoft.TestPlatform.Extensions.BlameDataCollector.dll,C:\Program Files\dotnet\sdk\8.0.400\Extensions\Microsoft.TestPlatform.Extensions.EventLogCollector.dll'.
TpTrace Verbose: 0 : 10136, 1, 2025/02/08, 14:03:56.349, 697230150705, datacollector.dll, TestPluginCache: Discoverers are ''.
TpTrace Verbose: 0 : 10136, 1, 2025/02/08, 14:03:56.349, 697230150864, datacollector.dll, TestPluginCache: Executors are ''.
TpTrace Verbose: 0 : 10136, 1, 2025/02/08, 14:03:56.349, 697230151072, datacollector.dll, TestPluginCache: Executors2 are ''.
TpTrace Verbose: 0 : 10136, 1, 2025/02/08, 14:03:56.349, 697230151235, datacollector.dll, TestPluginCache: Setting providers are ''.
TpTrace Verbose: 0 : 10136, 1, 2025/02/08, 14:03:56.349, 697230151378, datacollector.dll, TestPluginCache: Loggers are ''.
TpTrace Verbose: 0 : 10136, 1, 2025/02/08, 14:03:56.349, 697230151548, datacollector.dll, TestPluginCache: TestHosts are ''.
TpTrace Verbose: 0 : 10136, 1, 2025/02/08, 14:03:56.349, 697230152147, datacollector.dll, TestPluginCache: DataCollectors are 'datacollector://microsoft/TestPlatform/Extensions/Blame/v1,datacollector://microsoft/EventLog/2.0'.
TpTrace Information: 0 : 10136, 1, 2025/02/08, 14:03:56.350, 697230163079, datacollector.dll, TestPluginManager.CreateTestExtension: Attempting to load test extension: Microsoft.TestPlatform.Extensions.BlameDataCollector.BlameCollector
TpTrace Information: 0 : 10136, 1, 2025/02/08, 14:03:56.353, 697230189171, datacollector.dll, [MonitorPostmortemDump]Monitor enabled: 'False'
TpTrace Verbose: 0 : 10136, 1, 2025/02/08, 14:03:56.354, 697230195668, datacollector.dll, MulticastDelegateUtilities.SafeInvoke: DataCollectionEvents.SessionStart: Invoking callbacks was skipped because there are no subscribers.
TpTrace Information: 0 : 10136, 1, 2025/02/08, 14:03:56.354, 697230199947, datacollector.dll, Listening on Endpoint : 127.0.0.1:59971
TpTrace Information: 0 : 10136, 1, 2025/02/08, 14:03:56.359, 697230247492, datacollector.dll, DataCollectionRequestHandler.ProcessRequests : DataCollection started.
TpTrace Information: 0 : 10136, 1, 2025/02/08, 14:03:56.375, 697230410837, datacollector.dll, DataCollectionRequestHandler.ProcessRequests: Datacollector received message: (DataCollection.TestHostLaunched) -> {"MessageType":"DataCollection.TestHostLaunched","Payload":{"ProcessId":12120}}
TpTrace Verbose: 0 : 10136, 1, 2025/02/08, 14:03:56.377, 697230434185, datacollector.dll, MulticastDelegateUtilities.SafeInvoke: DataCollectionEvents.TestHostLaunched: Invoking callback 1/1 for Microsoft.TestPlatform.Extensions.BlameDataCollector.BlameCollector., took 0 ms.
TpTrace Information: 0 : 10136, 8, 2025/02/08, 14:03:56.535, 697232004827, datacollector.dll, Using the buffer size of 16384 bytes
TpTrace Verbose: 0 : 10136, 6, 2025/02/08, 14:03:56.535, 697232005274, datacollector.dll, SocketCommunicationManager.WaitForClientConnection took: 178 ms, with 90000 ms timeout, and finished with True.
TpTrace Information: 0 : 10136, 8, 2025/02/08, 14:03:56.535, 697232006844, datacollector.dll, Accepted Client request and set the flag
TpTrace Information: 0 : 10136, 6, 2025/02/08, 14:03:57.803, 697244687724, datacollector.dll, DataCollectionTestCaseEventHandler: Test case starting.
TpTrace Information: 0 : 10136, 6, 2025/02/08, 14:03:57.823, 697244892581, datacollector.dll, AssemblyResolver.OnResolve: System.Private.DataContractSerialization.resources: Resolving assembly.
TpTrace Information: 0 : 10136, 6, 2025/02/08, 14:03:57.823, 697244893871, datacollector.dll, AssemblyResolver.OnResolve: System.Private.DataContractSerialization.resources: Searching in: 'C:\Program Files\dotnet\sdk\8.0.400\Extensions'.
TpTrace Information: 0 : 10136, 6, 2025/02/08, 14:03:57.824, 697244894808, datacollector.dll, AssemblyResolver.OnResolve: System.Private.DataContractSerialization.resources: Assembly path does not exist: 'C:\Program Files\dotnet\sdk\8.0.400\Extensions\System.Private.DataContractSerialization.resources.dll', returning.
TpTrace Information: 0 : 10136, 6, 2025/02/08, 14:03:57.824, 697244895608, datacollector.dll, AssemblyResolver.OnResolve: System.Private.DataContractSerialization.resources: Assembly path does not exist: 'C:\Program Files\dotnet\sdk\8.0.400\Extensions\System.Private.DataContractSerialization.resources.exe', returning.
TpTrace Information: 0 : 10136, 6, 2025/02/08, 14:03:57.824, 697244895866, datacollector.dll, AssemblyResolver.OnResolve: System.Private.DataContractSerialization.resources: Searching in: 'C:\Program Files\dotnet\sdk\8.0.400'.
TpTrace Information: 0 : 10136, 6, 2025/02/08, 14:03:57.824, 697244896901, datacollector.dll, AssemblyResolver.OnResolve: System.Private.DataContractSerialization.resources: Assembly path does not exist: 'C:\Program Files\dotnet\sdk\8.0.400\System.Private.DataContractSerialization.resources.dll', returning.
TpTrace Information: 0 : 10136, 6, 2025/02/08, 14:03:57.824, 697244897420, datacollector.dll, AssemblyResolver.OnResolve: System.Private.DataContractSerialization.resources: Assembly path does not exist: 'C:\Program Files\dotnet\sdk\8.0.400\System.Private.DataContractSerialization.resources.exe', returning.
TpTrace Information: 0 : 10136, 6, 2025/02/08, 14:03:57.824, 697244897653, datacollector.dll, AssemblyResolver.OnResolve: System.Private.DataContractSerialization.resources: Failed to load assembly.
TpTrace Information: 0 : 10136, 6, 2025/02/08, 14:03:57.824, 697244899185, datacollector.dll, AssemblyResolver.OnResolve: System.Private.DataContractSerialization.resources: Resolving assembly.
TpTrace Information: 0 : 10136, 6, 2025/02/08, 14:03:57.824, 697244899594, datacollector.dll, AssemblyResolver.OnResolve: System.Private.DataContractSerialization.resources: Resolved from cache.
TpTrace Information: 0 : 10136, 6, 2025/02/08, 14:03:57.830, 697244962035, datacollector.dll, BlameCollector.EventsTestCaseStart: Test Case Start
TpTrace Verbose: 0 : 10136, 6, 2025/02/08, 14:03:57.831, 697244965363, datacollector.dll, MulticastDelegateUtilities.SafeInvoke: DataCollectionEvents.TestCaseStart: Invoking callback 1/1 for Microsoft.TestPlatform.Extensions.BlameDataCollector.BlameCollector., took 0 ms.
TpTrace Information: 0 : 10136, 6, 2025/02/08, 14:03:57.831, 697244968724, datacollector.dll, DataCollectionTestCaseEventHandler: Test case 'SaldoContaCorreteHandler Valido - 362af047-9c55-5841-0295-732123899c35' started.
TpTrace Information: 0 : 10136, 6, 2025/02/08, 14:03:57.832, 697244976532, datacollector.dll, DataCollectionTestCaseEventHandler: Test case starting.
TpTrace Information: 0 : 10136, 6, 2025/02/08, 14:03:57.834, 697244997200, datacollector.dll, BlameCollector.EventsTestCaseStart: Test Case Start
TpTrace Verbose: 0 : 10136, 6, 2025/02/08, 14:03:57.834, 697244998550, datacollector.dll, MulticastDelegateUtilities.SafeInvoke: DataCollectionEvents.TestCaseStart: Invoking callback 1/1 for Microsoft.TestPlatform.Extensions.BlameDataCollector.BlameCollector., took 0 ms.
TpTrace Information: 0 : 10136, 6, 2025/02/08, 14:03:57.834, 697245000802, datacollector.dll, DataCollectionTestCaseEventHandler: Test case 'MovimentacaoHandler Valido - 8da5916e-707a-ae42-f880-d5a255a836f0' started.
TpTrace Information: 0 : 10136, 6, 2025/02/08, 14:03:57.954, 697246202452, datacollector.dll, DataCollectionTestCaseEventHandler: Test case completing.
TpTrace Information: 0 : 10136, 6, 2025/02/08, 14:03:57.958, 697246243950, datacollector.dll, BlameCollector.EventsTestCaseEnd: Test Case End
TpTrace Verbose: 0 : 10136, 6, 2025/02/08, 14:03:57.959, 697246246574, datacollector.dll, MulticastDelegateUtilities.SafeInvoke: DataCollectionEvents.TestCaseEnd: Invoking callback 1/1 for Microsoft.TestPlatform.Extensions.BlameDataCollector.BlameCollector., took 0 ms.
TpTrace Information: 0 : 10136, 6, 2025/02/08, 14:03:57.960, 697246263315, datacollector.dll, DataCollectionTestCaseEventHandler: Test case 'SaldoContaCorreteHandler Valido - 362af047-9c55-5841-0295-732123899c35' completed
TpTrace Information: 0 : 10136, 6, 2025/02/08, 14:03:57.969, 697246345815, datacollector.dll, DataCollectionTestCaseEventHandler: Test case completing.
TpTrace Information: 0 : 10136, 6, 2025/02/08, 14:03:57.970, 697246355947, datacollector.dll, BlameCollector.EventsTestCaseEnd: Test Case End
TpTrace Verbose: 0 : 10136, 6, 2025/02/08, 14:03:57.970, 697246356933, datacollector.dll, MulticastDelegateUtilities.SafeInvoke: DataCollectionEvents.TestCaseEnd: Invoking callback 1/1 for Microsoft.TestPlatform.Extensions.BlameDataCollector.BlameCollector., took 0 ms.
TpTrace Information: 0 : 10136, 6, 2025/02/08, 14:03:57.970, 697246358971, datacollector.dll, DataCollectionTestCaseEventHandler: Test case 'MovimentacaoHandler Valido - 8da5916e-707a-ae42-f880-d5a255a836f0' completed
TpTrace Information: 0 : 10136, 6, 2025/02/08, 14:03:57.977, 697246433626, datacollector.dll, DataCollectionTestCaseEventHandler: Test session ended
TpTrace Information: 0 : 10136, 1, 2025/02/08, 14:03:58.071, 697247368979, datacollector.dll, DataCollectionRequestHandler.ProcessRequests: Datacollector received message: (DataCollection.AfterTestRunEnd) -> {"MessageType":"DataCollection.AfterTestRunEnd","Payload":false}
TpTrace Information: 0 : 10136, 1, 2025/02/08, 14:03:58.072, 697247377496, datacollector.dll, Blame Collector: Session End
TpTrace Information: 0 : 10136, 1, 2025/02/08, 14:03:58.072, 697247378366, datacollector.dll, BlameCollector.CollectDumpAndAbortTesthost: Custom path to dump directory was provided via VSTEST_DUMP_PATH. Skipping attachment upload, the caller is responsible for collecting and uploading the dumps themselves.
TpTrace Verbose: 0 : 10136, 1, 2025/02/08, 14:03:58.072, 697247379200, datacollector.dll, MulticastDelegateUtilities.SafeInvoke: DataCollectionEvents.SessionEnd: Invoking callback 1/1 for Microsoft.TestPlatform.Extensions.BlameDataCollector.BlameCollector., took 0 ms.
TpTrace Information: 0 : 10136, 1, 2025/02/08, 14:03:58.072, 697247384151, datacollector.dll, DataCollectionManager.CleanupPlugins: CleanupPlugins called
TpTrace Verbose: 0 : 10136, 1, 2025/02/08, 14:03:58.073, 697247384666, datacollector.dll, DataCollectionManager.CleanupPlugins: Cleaning up 1 plugins
TpTrace Verbose: 0 : 10136, 1, 2025/02/08, 14:03:58.073, 697247385326, datacollector.dll, dataCollectorInfo.DisposeDataCollector: calling Dispose() on Microsoft.TestPlatform.Extensions.BlameDataCollector.BlameCollector
TpTrace Information: 0 : 10136, 1, 2025/02/08, 14:03:58.073, 697247385826, datacollector.dll, DataCollectionManager.CleanupPlugins: CleanupPlugins finished
TpTrace Information: 0 : 10136, 1, 2025/02/08, 14:03:58.076, 697247416651, datacollector.dll, DataCollectionRequestHandler.ProcessRequests : Session End message received from server. Closing the connection.
TpTrace Information: 0 : 10136, 1, 2025/02/08, 14:03:58.076, 697247418928, datacollector.dll, Closing the connection !
TpTrace Information: 0 : 10136, 1, 2025/02/08, 14:03:58.076, 697247419230, datacollector.dll, DataCollectionRequestHandler.ProcessRequests : DataCollection completed
TpTrace Information: 0 : 10136, 1, 2025/02/08, 14:03:58.076, 697247419408, datacollector.dll, Program.Main: exiting datacollector process.
